2026-02-28 09:38:09.435 [INFO ] [openhab.event.ItemStateChangedEvent ] - Item 'UDM_HTTP_Temperature' changed from 22.63658006676739 to 22.841711696241006 (source: org.openhab.core.io.rest)
2026-02-28 09:38:09.436 [INFO ] [openhab.event.ItemStateChangedEvent ] - Item 'UDM_HTTP_Humidity' changed from 45.592395917233944 to 44.380928955971726 (source: org.openhab.core.io.rest)
2026-02-28 09:38:09.439 [INFO ] [openhab.event.ItemStateChangedEvent ] - Item 'UDM_Sensor_Temperature' changed from 22.5 to 22.7 (source: org.openhab.core.io.rest)
2026-02-28 09:38:09.445 [INFO ] [openhab.event.ItemStateChangedEvent ] - Item 'UDM_CoAP_Data' changed from {"temperature": 22.599406218895997, "humidity": 46.179889446252155} to {"temperature": 22.49273801888951, "humidity": 44.86221744118231} (source: org.openhab.core.io.rest)
2026-02-28 09:38:14.457 [INFO ] [openhab.event.ItemStateChangedEvent ] - Item 'UDM_Sensor_Temperature' changed from 22.7 to 23.0 (source: org.openhab.core.io.rest)
2026-02-28 09:38:14.464 [INFO ] [openhab.event.ItemStateChangedEvent ] - Item 'UDM_CoAP_Data' changed from {"temperature": 22.49273801888951, "humidity": 44.86221744118231} to {"temperature": 22.70807769619988, "humidity": 44.66138710685025} (source: org.openhab.core.io.rest)
2026-02-28 09:38:19.472 [INFO ] [openhab.event.ItemStateChangedEvent ] - Item 'UDM_HTTP_Temperature' changed from 22.841711696241006 to 22.637731049731908 (source: org.openhab.core.io.rest)
2026-02-28 09:38:19.473 [INFO ] [openhab.event.ItemStateChangedEvent ] - Item 'UDM_HTTP_Humidity' changed from 44.380928955971726 to 43.4305540167625 (source: org.openhab.core.io.rest)
2026-02-28 09:38:19.476 [INFO ] [openhab.event.ItemStateChangedEvent ] - Item 'UDM_Sensor_Temperature' changed from 23.0 to 22.5 (source: org.openhab.core.io.rest)
2026-02-28 09:38:19.481 [INFO ] [openhab.event.ItemStateChangedEvent ] - Item 'UDM_CoAP_Data' changed from {"temperature": 22.70807769619988, "humidity": 44.66138710685025} to {"temperature": 23.040265408461494, "humidity": 44.11783887104475} (source: org.openhab.core.io.rest)
2026-02-28 09:38:24.494 [INFO ] [openhab.event.ItemStateChangedEvent ] - Item 'UDM_Sensor_Humidity' changed from 44 to 43 (source: org.openhab.core.io.rest)
2026-02-28 09:38:24.499 [INFO ] [openhab.event.ItemStateChangedEvent ] - Item 'UDM_CoAP_Data' changed from {"temperature": 23.040265408461494, "humidity": 44.11783887104475} to {"temperature": 22.537097811146158, "humidity": 44.16479097567198} (source: org.openhab.core.io.rest)
2026-02-28 09:38:29.507 [INFO ] [openhab.event.ItemStateChangedEvent ] - Item 'UDM_HTTP_Temperature' changed from 22.637731049731908 to 22.915084290819404 (source: org.openhab.core.io.rest)
2026-02-28 09:38:29.508 [INFO ] [openhab.event.ItemStateChangedEvent ] - Item 'UDM_HTTP_Humidity' changed from 43.4305540167625 to 44.25499322146483 (source: org.openhab.core.io.rest)
2026-02-28 09:38:29.511 [INFO ] [openhab.event.ItemStateChangedEvent ] - Item 'UDM_Sensor_Temperature' changed from 22.5 to 23.0 (source: org.openhab.core.io.rest)
2026-02-28 09:38:29.516 [INFO ] [openhab.event.ItemStateChangedEvent ] - Item 'UDM_CoAP_Data' changed from {"temperature": 22.537097811146158, "humidity": 44.16479097567198} to {"temperature": 22.47129288255189, "humidity": 43.78168515165541} (source: org.openhab.core.io.rest)
2026-02-28 09:38:34.529 [INFO ] [openhab.event.ItemStateChangedEvent ] - Item 'UDM_Sensor_Temperature' changed from 23.0 to 22.7 (source: org.openhab.core.io.rest)
2026-02-28 09:38:34.530 [INFO ] [openhab.event.ItemStateChangedEvent ] - Item 'UDM_Sensor_Humidity' changed from 43 to 45 (source: org.openhab.core.io.rest)
2026-02-28 09:38:34.535 [INFO ] [openhab.event.ItemStateChangedEvent ] - Item 'UDM_CoAP_Data' changed from {"temperature": 22.47129288255189, "humidity": 43.78168515165541} to {"temperature": 23.028364291081083, "humidity": 43.78005001319146} (source: org.openhab.core.io.rest)
2026-02-28 09:38:39.543 [INFO ] [openhab.event.ItemStateChangedEvent ] - Item 'UDM_HTTP_Temperature' changed from 22.915084290819404 to 22.96324377547705 (source: org.openhab.core.io.rest)
2026-02-28 09:38:39.544 [INFO ] [openhab.event.ItemStateChangedEvent ] - Item 'UDM_HTTP_Humidity' changed from 44.25499322146483 to 43.20734765783876 (source: org.openhab.core.io.rest)
2026-02-28 09:38:39.547 [INFO ] [openhab.event.ItemStateChangedEvent ] - Item 'UDM_Sensor_Temperature' changed from 22.7 to 23.0 (source: org.openhab.core.io.rest)
2026-02-28 09:38:39.549 [INFO ] [openhab.event.ItemStateChangedEvent ] - Item 'UDM_Sensor_Humidity' changed from 45 to 42 (source: org.openhab.core.io.rest)
2026-02-28 09:38:39.553 [INFO ] [openhab.event.ItemStateChangedEvent ] - Item 'UDM_CoAP_Data' changed from {"temperature": 23.028364291081083, "humidity": 43.78005001319146} to {"temperature": 22.745027018129445, "humidity": 45.23509789490886} (source: org.openhab.core.io.rest)
2026-02-28 09:38:44.565 [INFO ] [openhab.event.ItemStateChangedEvent ] - Item 'UDM_Sensor_Temperature' changed from 23.0 to 22.9 (source: org.openhab.core.io.rest)
2026-02-28 09:38:44.567 [INFO ] [openhab.event.ItemStateChangedEvent ] - Item 'UDM_Sensor_Humidity' changed from 42 to 44 (source: org.openhab.core.io.rest)
2026-02-28 09:38:44.570 [INFO ] [openhab.event.ItemStateChangedEvent ] - Item 'UDM_CoAP_Data' changed from {"temperature": 22.745027018129445, "humidity": 45.23509789490886} to {"temperature": 23.02132325034754, "humidity": 42.84129817019207} (source: org.openhab.core.io.rest)
2026-02-28 09:38:49.577 [INFO ] [openhab.event.ItemStateChangedEvent ] - Item 'UDM_HTTP_Temperature' changed from 22.96324377547705 to 22.959159904893976 (source: org.openhab.core.io.rest)
2026-02-28 09:38:49.578 [INFO ] [openhab.event.ItemStateChangedEvent ] - Item 'UDM_HTTP_Humidity' changed from 43.20734765783876 to 42.93847046978302 (source: org.openhab.core.io.rest)
2026-02-28 09:38:49.583 [INFO ] [openhab.event.ItemStateChangedEvent ] - Item 'UDM_Sensor_Humidity' changed from 44 to 43 (source: org.openhab.core.io.rest)
2026-02-28 09:38:49.587 [INFO ] [openhab.event.ItemStateChangedEvent ] - Item 'UDM_CoAP_Data' changed from {"temperature": 23.02132325034754, "humidity": 42.84129817019207} to {"temperature": 22.910888551449506, "humidity": 44.06230979425784} (source: org.openhab.core.io.rest)
2026-02-28 09:38:54.601 [INFO ] [openhab.event.ItemStateChangedEvent ] - Item 'UDM_CoAP_Data' changed from {"temperature": 22.910888551449506, "humidity": 44.06230979425784} to {"temperature": 22.949181195343755, "humidity": 43.44465471061307} (source: org.openhab.core.io.rest)
2026-02-28 09:38:59.610 [INFO ] [openhab.event.ItemStateChangedEvent ] - Item 'UDM_HTTP_Temperature' changed from 22.959159904893976 to 23.107436792271017 (source: org.openhab.core.io.rest)
2026-02-28 09:38:59.612 [INFO ] [openhab.event.ItemStateChangedEvent ] - Item 'UDM_HTTP_Humidity' changed from 42.93847046978302 to 42.968742111600555 (source: org.openhab.core.io.rest)
2026-02-28 09:38:59.614 [INFO ] [openhab.event.ItemStateChangedEvent ] - Item 'UDM_Sensor_Temperature' changed from 22.9 to 23.1 (source: org.openhab.core.io.rest)
2026-02-28 09:38:59.616 [INFO ] [openhab.event.ItemStateChangedEvent ] - Item 'UDM_Sensor_Humidity' changed from 43 to 42 (source: org.openhab.core.io.rest)
2026-02-28 09:38:59.619 [INFO ] [openhab.event.ItemStateChangedEvent ] - Item 'UDM_CoAP_Data' changed from {"temperature": 22.949181195343755, "humidity": 43.44465471061307} to {"temperature": 22.89266565603606, "humidity": 43.86746657635908} (source: org.openhab.core.io.rest)
2026-02-28 09:39:04.631 [INFO ] [openhab.event.ItemStateChangedEvent ] - Item 'UDM_Sensor_Temperature' changed from 23.1 to 23.3 (source: org.openhab.core.io.rest)
2026-02-28 09:39:04.635 [INFO ] [openhab.event.ItemStateChangedEvent ] - Item 'UDM_Sensor_Humidity' changed from 42 to 43 (source: org.openhab.core.io.rest)
2026-02-28 09:39:04.637 [INFO ] [openhab.event.ItemStateChangedEvent ] - Item 'UDM_CoAP_Data' changed from {"temperature": 22.89266565603606, "humidity": 43.86746657635908} to {"temperature": 23.11108900121998, "humidity": 42.16253456959136} (source: org.openhab.core.io.rest)
2026-02-28 09:39:09.645 [INFO ] [openhab.event.ItemStateChangedEvent ] - Item 'UDM_HTTP_Temperature' changed from 23.107436792271017 to 23.014836303318724 (source: org.openhab.core.io.rest)
2026-02-28 09:39:09.646 [INFO ] [openhab.event.ItemStateChangedEvent ] - Item 'UDM_HTTP_Humidity' changed from 42.968742111600555 to 43.03855959397406 (source: org.openhab.core.io.rest)
2026-02-28 09:39:09.648 [INFO ] [openhab.event.ItemStateChangedEvent ] - Item 'UDM_Sensor_Temperature' changed from 23.3 to 22.9 (source: org.openhab.core.io.rest)
2026-02-28 09:39:09.653 [INFO ] [openhab.event.ItemStateChangedEvent ] - Item 'UDM_CoAP_Data' changed from {"temperature": 23.11108900121998, "humidity": 42.16253456959136} to {"temperature": 23.270495610145748, "humidity": 43.083527621778636} (source: org.openhab.core.io.rest)
2026-02-28 09:39:14.664 [INFO ] [openhab.event.ItemStateChangedEvent ] - Item 'UDM_Sensor_Temperature' changed from 22.9 to 23.0 (source: org.openhab.core.io.rest)
2026-02-28 09:39:14.670 [INFO ] [openhab.event.ItemStateChangedEvent ] - Item 'UDM_CoAP_Data' changed from {"temperature": 23.270495610145748, "humidity": 43.083527621778636} to {"temperature": 22.902183282396393, "humidity": 43.35136159552842} (source: org.openhab.core.io.rest)
2026-02-28 09:39:19.677 [INFO ] [openhab.event.ItemStateChangedEvent ] - Item 'UDM_HTTP_Temperature' changed from 23.014836303318724 to 22.84548846155861 (source: org.openhab.core.io.rest)
2026-02-28 09:39:19.678 [INFO ] [openhab.event.ItemStateChangedEvent ] - Item 'UDM_HTTP_Humidity' changed from 43.03855959397406 to 42.13279350163844 (source: org.openhab.core.io.rest)
2026-02-28 09:39:19.681 [INFO ] [openhab.event.ItemStateChangedEvent ] - Item 'UDM_Sensor_Humidity' changed from 43 to 42 (source: org.openhab.core.io.rest)
2026-02-28 09:39:19.685 [INFO ] [openhab.event.ItemStateChangedEvent ] - Item 'UDM_CoAP_Data' changed from {"temperature": 22.902183282396393, "humidity": 43.35136159552842} to {"temperature": 23.01851402472252, "humidity": 43.86700727716052} (source: org.openhab.core.io.rest)
2026-02-28 09:39:24.695 [INFO ] [openhab.event.ItemStateChangedEvent ] - Item 'UDM_Sensor_Humidity' changed from 42 to 41 (source: org.openhab.core.io.rest)
2026-02-28 09:39:24.698 [INFO ] [openhab.event.ItemStateChangedEvent ] - Item 'UDM_CoAP_Data' changed from {"temperature": 23.01851402472252, "humidity": 43.86700727716052} to {"temperature": 22.952110805059267, "humidity": 42.34070021554598} (source: org.openhab.core.io.rest)
2026-02-28 09:39:29.706 [INFO ] [openhab.event.ItemStateChangedEvent ] - Item 'UDM_HTTP_Temperature' changed from 22.84548846155861 to 22.736052151948797 (source: org.openhab.core.io.rest)
2026-02-28 09:39:29.707 [INFO ] [openhab.event.ItemStateChangedEvent ] - Item 'UDM_HTTP_Humidity' changed from 42.13279350163844 to 42.246696048887095 (source: org.openhab.core.io.rest)
2026-02-28 09:39:29.710 [INFO ] [openhab.event.ItemStateChangedEvent ] - Item 'UDM_Sensor_Temperature' changed from 23.0 to 22.8 (source: org.openhab.core.io.rest)
2026-02-28 09:39:29.714 [INFO ] [openhab.event.ItemStateChangedEvent ] - Item 'UDM_CoAP_Data' changed from {"temperature": 22.952110805059267, "humidity": 42.34070021554598} to {"temperature": 23.0340347984123, "humidity": 41.26223841023519} (source: org.openhab.core.io.rest)
2026-02-28 09:39:34.727 [INFO ] [openhab.event.ItemStateChangedEvent ] - Item 'UDM_Sensor_Temperature' changed from 22.8 to 22.7 (source: org.openhab.core.io.rest)
2026-02-28 09:39:34.728 [INFO ] [openhab.event.ItemStateChangedEvent ] - Item 'UDM_Sensor_Humidity' changed from 41 to 42 (source: org.openhab.core.io.rest)
2026-02-28 09:39:34.733 [INFO ] [openhab.event.ItemStateChangedEvent ] - Item 'UDM_CoAP_Data' changed from {"temperature": 23.0340347984123, "humidity": 41.26223841023519} to {"temperature": 22.808253154542676, "humidity": 41.882110676395484} (source: org.openhab.core.io.rest)
2026-02-28 09:39:39.741 [INFO ] [openhab.event.ItemStateChangedEvent ] - Item 'UDM_HTTP_Temperature' changed from 22.736052151948797 to 22.87019209841733 (source: org.openhab.core.io.rest)
2026-02-28 09:39:39.743 [INFO ] [openhab.event.ItemStateChangedEvent ] - Item 'UDM_HTTP_Humidity' changed from 42.246696048887095 to 42.89932860923448 (source: org.openhab.core.io.rest)
2026-02-28 09:39:39.745 [INFO ] [openhab.event.ItemStateChangedEvent ] - Item 'UDM_Sensor_Temperature' changed from 22.7 to 22.8 (source: org.openhab.core.io.rest)
2026-02-28 09:39:39.746 [INFO ] [openhab.event.ItemStateChangedEvent ] - Item 'UDM_Sensor_Humidity' changed from 42 to 43 (source: org.openhab.core.io.rest)
2026-02-28 09:39:39.750 [INFO ] [openhab.event.ItemStateChangedEvent ] - Item 'UDM_CoAP_Data' changed from {"temperature": 22.808253154542676, "humidity": 41.882110676395484} to {"temperature": 22.65953923093123, "humidity": 42.52971008487116} (source: org.openhab.core.io.rest)
2026-02-28 09:39:44.762 [INFO ] [openhab.event.ItemStateChangedEvent ] - Item 'UDM_Sensor_Temperature' changed from 22.8 to 22.9 (source: org.openhab.core.io.rest)
2026-02-28 09:39:44.767 [INFO ] [openhab.event.ItemStateChangedEvent ] - Item 'UDM_CoAP_Data' changed from {"temperature": 22.65953923093123, "humidity": 42.52971008487116} to {"temperature": 22.77553021350393, "humidity": 43.57642908876012} (source: org.openhab.core.io.rest)
2026-02-28 09:39:49.775 [INFO ] [openhab.event.ItemStateChangedEvent ] - Item 'UDM_HTTP_Temperature' changed from 22.87019209841733 to 22.64560342724663 (source: org.openhab.core.io.rest)
2026-02-28 09:39:49.776 [INFO ] [openhab.event.ItemStateChangedEvent ] - Item 'UDM_HTTP_Humidity' changed from 42.89932860923448 to 43.77952367408955 (source: org.openhab.core.io.rest)
2026-02-28 09:39:49.778 [INFO ] [openhab.event.ItemStateChangedEvent ] - Item 'UDM_Sensor_Temperature' changed from 22.9 to 22.7 (source: org.openhab.core.io.rest)
2026-02-28 09:39:49.783 [INFO ] [openhab.event.ItemStateChangedEvent ] - Item 'UDM_CoAP_Data' changed from {"temperature": 22.77553021350393, "humidity": 43.57642908876012} to {"temperature": 22.94183470250782, "humidity": 43.59225460150711} (source: org.openhab.core.io.rest)
2026-02-28 09:39:54.792 [INFO ] [openhab.event.ItemStateChangedEvent ] - Item 'UDM_Sensor_Temperature' changed from 22.7 to 22.5 (source: org.openhab.core.io.rest)
2026-02-28 09:39:54.793 [INFO ] [openhab.event.ItemStateChangedEvent ] - Item 'UDM_Sensor_Humidity' changed from 43 to 44 (source: org.openhab.core.io.rest)
2026-02-28 09:39:54.797 [INFO ] [openhab.event.ItemStateChangedEvent ] - Item 'UDM_CoAP_Data' changed from {"temperature": 22.94183470250782, "humidity": 43.59225460150711} to {"temperature": 22.658115801167337, "humidity": 43.550079950092254} (source: org.openhab.core.io.rest)
2026-02-28 09:39:59.805 [INFO ] [openhab.event.ItemStateChangedEvent ] - Item 'UDM_HTTP_Temperature' changed from 22.64560342724663 to 22.88553350463597 (source: org.openhab.core.io.rest)
2026-02-28 09:39:59.807 [INFO ] [openhab.event.ItemStateChangedEvent ] - Item 'UDM_HTTP_Humidity' changed from 43.77952367408955 to 44.120906278073534 (source: org.openhab.core.io.rest)
2026-02-28 09:39:59.812 [INFO ] [openhab.event.ItemStateChangedEvent ] - Item 'UDM_Sensor_Temperature' changed from 22.5 to 23.1 (source: org.openhab.core.io.rest)
2026-02-28 09:39:59.814 [INFO ] [openhab.event.ItemStateChangedEvent ] - Item 'UDM_Sensor_Humidity' changed from 44 to 43 (source: org.openhab.core.io.rest)
2026-02-28 09:39:59.825 [INFO ] [openhab.event.ItemStateChangedEvent ] - Item 'UDM_CoAP_Data' changed from {"temperature": 22.658115801167337, "humidity": 43.550079950092254} to {"temperature": 22.49412706336757, "humidity": 44.68276406179269} (source: org.openhab.core.io.rest)
2026-02-28 09:40:04.835 [INFO ] [openhab.event.ItemStateChangedEvent ] - Item 'UDM_Sensor_Temperature' changed from 23.1 to 22.8 (source: org.openhab.core.io.rest)
2026-02-28 09:40:04.836 [INFO ] [openhab.event.ItemStateChangedEvent ] - Item 'UDM_Sensor_Humidity' changed from 43 to 44 (source: org.openhab.core.io.rest)
2026-02-28 09:40:04.841 [INFO ] [openhab.event.ItemStateChangedEvent ] - Item 'UDM_CoAP_Data' changed from {"temperature": 22.49412706336757, "humidity": 44.68276406179269} to {"temperature": 23.05999386131504, "humidity": 43.77839063023292} (source: org.openhab.core.io.rest)
2026-02-28 09:40:09.848 [INFO ] [openhab.event.ItemStateChangedEvent ] - Item 'UDM_HTTP_Temperature' changed from 22.88553350463597 to 22.985726466724895 (source: org.openhab.core.io.rest)
2026-02-28 09:40:09.849 [INFO ] [openhab.event.ItemStateChangedEvent ] - Item 'UDM_HTTP_Humidity' changed from 44.120906278073534 to 43.83607904997391 (source: org.openhab.core.io.rest)
2026-02-28 09:40:09.853 [INFO ] [openhab.event.ItemStateChangedEvent ] - Item 'UDM_Sensor_Humidity' changed from 44 to 43 (source: org.openhab.core.io.rest)
2026-02-28 09:40:09.858 [INFO ] [openhab.event.ItemStateChangedEvent ] - Item 'UDM_CoAP_Data' changed from {"temperature": 23.05999386131504, "humidity": 43.77839063023292} to {"temperature": 22.796981129688668, "humidity": 44.77415048189417} (source: org.openhab.core.io.rest)
2026-02-28 09:40:14.868 [INFO ] [openhab.event.ItemStateChangedEvent ] - Item 'UDM_Sensor_Temperature' changed from 22.8 to 23.1 (source: org.openhab.core.io.rest)
2026-02-28 09:40:14.872 [INFO ] [openhab.event.ItemStateChangedEvent ] - Item 'UDM_CoAP_Data' changed from {"temperature": 22.796981129688668, "humidity": 44.77415048189417} to {"temperature": 22.831749704919773, "humidity": 43.07116596966162} (source: org.openhab.core.io.rest)
2026-02-28 09:40:19.880 [INFO ] [openhab.event.ItemStateChangedEvent ] - Item 'UDM_HTTP_Temperature' changed from 22.985726466724895 to 23.10673184888976 (source: org.openhab.core.io.rest)
2026-02-28 09:40:19.881 [INFO ] [openhab.event.ItemStateChangedEvent ] - Item 'UDM_HTTP_Humidity' changed from 43.83607904997391 to 43.105281019073956 (source: org.openhab.core.io.rest)
2026-02-28 09:40:19.884 [INFO ] [openhab.event.ItemStateChangedEvent ] - Item 'UDM_Sensor_Temperature' changed from 23.1 to 23.2 (source: org.openhab.core.io.rest)
2026-02-28 09:40:19.885 [INFO ] [openhab.event.ItemStateChangedEvent ] - Item 'UDM_Sensor_Humidity' changed from 43 to 42 (source: org.openhab.core.io.rest)
2026-02-28 09:40:19.890 [INFO ] [openhab.event.ItemStateChangedEvent ] - Item 'UDM_CoAP_Data' changed from {"temperature": 22.831749704919773, "humidity": 43.07116596966162} to {"temperature": 23.144273804075915, "humidity": 43.68814056816808} (source: org.openhab.core.io.rest)
2026-02-28 09:40:24.904 [INFO ] [openhab.event.ItemStateChangedEvent ] - Item 'UDM_Sensor_Temperature' changed from 23.2 to 22.9 (source: org.openhab.core.io.rest)
2026-02-28 09:40:24.908 [INFO ] [openhab.event.ItemStateChangedEvent ] - Item 'UDM_CoAP_Data' changed from {"temperature": 23.144273804075915, "humidity": 43.68814056816808} to {"temperature": 23.1986673345012, "humidity": 42.67912355117478} (source: org.openhab.core.io.rest)
2026-02-28 09:40:29.915 [INFO ] [openhab.event.ItemStateChangedEvent ] - Item 'UDM_HTTP_Temperature' changed from 23.10673184888976 to 23.14037817692487 (source: org.openhab.core.io.rest)
2026-02-28 09:40:29.916 [INFO ] [openhab.event.ItemStateChangedEvent ] - Item 'UDM_HTTP_Humidity' changed from 43.105281019073956 to 43.532820299422895 (source: org.openhab.core.io.rest)
2026-02-28 09:40:29.919 [INFO ] [openhab.event.ItemStateChangedEvent ] - Item 'UDM_Sensor_Temperature' changed from 22.9 to 23.2 (source: org.openhab.core.io.rest)
2026-02-28 09:40:29.921 [INFO ] [openhab.event.ItemStateChangedEvent ] - Item 'UDM_Sensor_Humidity' changed from 42 to 43 (source: org.openhab.core.io.rest)
2026-02-28 09:40:29.926 [INFO ] [openhab.event.ItemStateChangedEvent ] - Item 'UDM_CoAP_Data' changed from {"temperature": 23.1986673345012, "humidity": 42.67912355117478} to {"temperature": 22.934572509034023, "humidity": 42.50832388960124} (source: org.openhab.core.io.rest)
2026-02-28 09:40:34.940 [INFO ] [openhab.event.ItemStateChangedEvent ] - Item 'UDM_CoAP_Data' changed from {"temperature": 22.934572509034023, "humidity": 42.50832388960124} to {"temperature": 23.23044867214011, "humidity": 43.41639051659649} (source: org.openhab.core.io.rest)
2026-02-28 09:40:39.946 [INFO ] [openhab.event.ItemStateChangedEvent ] - Item 'UDM_HTTP_Temperature' changed from 23.14037817692487 to 22.979874961423537 (source: org.openhab.core.io.rest)
2026-02-28 09:40:39.947 [INFO ] [openhab.event.ItemStateChangedEvent ] - Item 'UDM_HTTP_Humidity' changed from 43.532820299422895 to 44.17596419068731 (source: org.openhab.core.io.rest)
2026-02-28 09:40:39.950 [INFO ] [openhab.event.ItemStateChangedEvent ] - Item 'UDM_Sensor_Temperature' changed from 23.2 to 23.1 (source: org.openhab.core.io.rest)
2026-02-28 09:40:39.952 [INFO ] [openhab.event.ItemStateChangedEvent ] - Item 'UDM_Sensor_Humidity' changed from 43 to 44 (source: org.openhab.core.io.rest)
2026-02-28 09:40:39.956 [INFO ] [openhab.event.ItemStateChangedEvent ] - Item 'UDM_CoAP_Data' changed from {"temperature": 23.23044867214011, "humidity": 43.41639051659649} to {"temperature": 23.227618495034008, "humidity": 43.15580402133354} (source: org.openhab.core.io.rest)
2026-02-28 09:40:44.966 [INFO ] [openhab.event.ItemStateChangedEvent ] - Item 'UDM_Sensor_Temperature' changed from 23.1 to 23.0 (source: org.openhab.core.io.rest)
2026-02-28 09:40:44.967 [INFO ] [openhab.event.ItemStateChangedEvent ] - Item 'UDM_Sensor_Humidity' changed from 44 to 43 (source: org.openhab.core.io.rest)
2026-02-28 09:40:44.971 [INFO ] [openhab.event.ItemStateChangedEvent ] - Item 'UDM_CoAP_Data' changed from {"temperature": 23.227618495034008, "humidity": 43.15580402133354} to {"temperature": 23.1269389076658, "humidity": 44.04603684583299} (source: org.openhab.core.io.rest)
2026-02-28 09:40:49.978 [INFO ] [openhab.event.ItemStateChangedEvent ] - Item 'UDM_HTTP_Temperature' changed from 22.979874961423537 to 22.87159276657842 (source: org.openhab.core.io.rest)
2026-02-28 09:40:49.979 [INFO ] [openhab.event.ItemStateChangedEvent ] - Item 'UDM_HTTP_Humidity' changed from 44.17596419068731 to 44.79988739019248 (source: org.openhab.core.io.rest)
2026-02-28 09:40:49.982 [INFO ] [openhab.event.ItemStateChangedEvent ] - Item 'UDM_Sensor_Temperature' changed from 23.0 to 22.7 (source: org.openhab.core.io.rest)
2026-02-28 09:40:49.983 [INFO ] [openhab.event.ItemStateChangedEvent ] - Item 'UDM_Sensor_Humidity' changed from 43 to 45 (source: org.openhab.core.io.rest)
2026-02-28 09:40:49.988 [INFO ] [openhab.event.ItemStateChangedEvent ] - Item 'UDM_CoAP_Data' changed from {"temperature": 23.1269389076658, "humidity": 44.04603684583299} to {"temperature": 22.980019283065197, "humidity": 43.70051510210105} (source: org.openhab.core.io.rest)
2026-02-28 09:40:54.997 [INFO ] [openhab.event.ItemStateChangedEvent ] - Item 'UDM_Sensor_Temperature' changed from 22.7 to 22.8 (source: org.openhab.core.io.rest)
2026-02-28 09:40:55.002 [INFO ] [openhab.event.ItemStateChangedEvent ] - Item 'UDM_CoAP_Data' changed from {"temperature": 22.980019283065197, "humidity": 43.70051510210105} to {"temperature": 22.697836267796998, "humidity": 45.20495798564219} (source: org.openhab.core.io.rest)
2026-02-28 09:41:00.010 [INFO ] [openhab.event.ItemStateChangedEvent ] - Item 'UDM_HTTP_Temperature' changed from 22.87159276657842 to 22.961762215358412 (source: org.openhab.core.io.rest)
2026-02-28 09:41:00.012 [INFO ] [openhab.event.ItemStateChangedEvent ] - Item 'UDM_HTTP_Humidity' changed from 44.79988739019248 to 45.213594372056455 (source: org.openhab.core.io.rest)
2026-02-28 09:41:00.014 [INFO ] [openhab.event.ItemStateChangedEvent ] - Item 'UDM_Sensor_Temperature' changed from 22.8 to 23.1 (source: org.openhab.core.io.rest)
2026-02-28 09:41:00.016 [INFO ] [openhab.event.ItemStateChangedEvent ] - Item 'UDM_Sensor_Humidity' changed from 45 to 46 (source: org.openhab.core.io.rest)
2026-02-28 09:41:00.021 [INFO ] [openhab.event.ItemStateChangedEvent ] - Item 'UDM_CoAP_Data' changed from {"temperature": 22.697836267796998, "humidity": 45.20495798564219} to {"temperature": 22.82382674323526, "humidity": 45.442356109568415} (source: org.openhab.core.io.rest)
2026-02-28 09:41:05.030 [INFO ] [openhab.event.ItemStateChangedEvent ] - Item 'UDM_Sensor_Temperature' changed from 23.1 to 22.9 (source: org.openhab.core.io.rest)
2026-02-28 09:41:05.036 [INFO ] [openhab.event.ItemStateChangedEvent ] - Item 'UDM_CoAP_Data' changed from {"temperature": 22.82382674323526, "humidity": 45.442356109568415} to {"temperature": 23.084268844178, "humidity": 46.00088161531038} (source: org.openhab.core.io.rest)
2026-02-28 09:41:10.043 [INFO ] [openhab.event.ItemStateChangedEvent ] - Item 'UDM_HTTP_Temperature' changed from 22.961762215358412 to 23.167467832527507 (source: org.openhab.core.io.rest)
2026-02-28 09:41:10.044 [INFO ] [openhab.event.ItemStateChangedEvent ] - Item 'UDM_HTTP_Humidity' changed from 45.213594372056455 to 45.78548522464419 (source: org.openhab.core.io.rest)
2026-02-28 09:41:10.047 [INFO ] [openhab.event.ItemStateChangedEvent ] - Item 'UDM_Sensor_Temperature' changed from 22.9 to 23.2 (source: org.openhab.core.io.rest)
2026-02-28 09:41:10.052 [INFO ] [openhab.event.ItemStateChangedEvent ] - Item 'UDM_CoAP_Data' changed from {"temperature": 23.084268844178, "humidity": 46.00088161531038} to {"temperature": 22.896430937247924, "humidity": 46.00172466126609} (source: org.openhab.core.io.rest)
2026-02-28 09:41:15.062 [INFO ] [openhab.event.ItemStateChangedEvent ] - Item 'UDM_Sensor_Temperature' changed from 23.2 to 23.1 (source: org.openhab.core.io.rest)
2026-02-28 09:41:15.063 [INFO ] [openhab.event.ItemStateChangedEvent ] - Item 'UDM_Sensor_Humidity' changed from 46 to 44 (source: org.openhab.core.io.rest)
2026-02-28 09:41:15.067 [INFO ] [openhab.event.ItemStateChangedEvent ] - Item 'UDM_CoAP_Data' changed from {"temperature": 22.896430937247924, "humidity": 46.00172466126609} to {"temperature": 23.210624981498864, "humidity": 46.656155044665766} (source: org.openhab.core.io.rest)
2026-02-28 09:41:20.074 [INFO ] [openhab.event.ItemStateChangedEvent ] - Item 'UDM_HTTP_Temperature' changed from 23.167467832527507 to 23.25123230680515 (source: org.openhab.core.io.rest)
2026-02-28 09:41:20.075 [INFO ] [openhab.event.ItemStateChangedEvent ] - Item 'UDM_HTTP_Humidity' changed from 45.78548522464419 to 44.866813669513206 (source: org.openhab.core.io.rest)
2026-02-28 09:41:20.077 [INFO ] [openhab.event.ItemStateChangedEvent ] - Item 'UDM_Sensor_Temperature' changed from 23.1 to 23.4 (source: org.openhab.core.io.rest)
2026-02-28 09:41:20.079 [INFO ] [openhab.event.ItemStateChangedEvent ] - Item 'UDM_Sensor_Humidity' changed from 44 to 45 (source: org.openhab.core.io.rest)
2026-02-28 09:41:20.083 [INFO ] [openhab.event.ItemStateChangedEvent ] - Item 'UDM_CoAP_Data' changed from {"temperature": 23.210624981498864, "humidity": 46.656155044665766} to {"temperature": 23.090925673010286, "humidity": 44.79775630113673} (source: org.openhab.core.io.rest)
2026-02-28 09:41:25.091 [INFO ] [openhab.event.ItemStateChangedEvent ] - Item 'UDM_Sensor_Temperature' changed from 23.4 to 23.1 (source: org.openhab.core.io.rest)
2026-02-28 09:41:25.092 [INFO ] [openhab.event.ItemStateChangedEvent ] - Item 'UDM_Sensor_Humidity' changed from 45 to 44 (source: org.openhab.core.io.rest)
2026-02-28 09:41:25.096 [INFO ] [openhab.event.ItemStateChangedEvent ] - Item 'UDM_CoAP_Data' changed from {"temperature": 23.090925673010286, "humidity": 44.79775630113673} to {"temperature": 23.43502414585201, "humidity": 45.769231163969806} (source: org.openhab.core.io.rest)
2026-02-28 09:41:30.103 [INFO ] [openhab.event.ItemStateChangedEvent ] - Item 'UDM_HTTP_Temperature' changed from 23.25123230680515 to 23.208632719134023 (source: org.openhab.core.io.rest)
2026-02-28 09:41:30.104 [INFO ] [openhab.event.ItemStateChangedEvent ] - Item 'UDM_HTTP_Humidity' changed from 44.866813669513206 to 43.61069079446903 (source: org.openhab.core.io.rest)
2026-02-28 09:41:30.107 [INFO ] [openhab.event.ItemStateChangedEvent ] - Item 'UDM_Sensor_Temperature' changed from 23.1 to 23.2 (source: org.openhab.core.io.rest)
2026-02-28 09:41:30.108 [INFO ] [openhab.event.ItemStateChangedEvent ] - Item 'UDM_Sensor_Humidity' changed from 44 to 43 (source: org.openhab.core.io.rest)
2026-02-28 09:41:30.112 [INFO ] [openhab.event.ItemStateChangedEvent ] - Item 'UDM_CoAP_Data' changed from {"temperature": 23.43502414585201, "humidity": 45.769231163969806} to {"temperature": 23.118557393742897, "humidity": 44.79976926024525} (source: org.openhab.core.io.rest)
2026-02-28 09:41:35.126 [INFO ] [openhab.event.ItemStateChangedEvent ] - Item 'UDM_CoAP_Data' changed from {"temperature": 23.118557393742897, "humidity": 44.79976926024525} to {"temperature": 23.23652005042865, "humidity": 43.36768343559814} (source: org.openhab.core.io.rest)
2026-02-28 09:41:40.132 [INFO ] [openhab.event.ItemStateChangedEvent ] - Item 'UDM_HTTP_Temperature' changed from 23.208632719134023 to 23.229589766366395 (source: org.openhab.core.io.rest)
2026-02-28 09:41:40.134 [INFO ] [openhab.event.ItemStateChangedEvent ] - Item 'UDM_HTTP_Humidity' changed from 43.61069079446903 to 42.32163996624095 (source: org.openhab.core.io.rest)
2026-02-28 09:41:40.136 [INFO ] [openhab.event.ItemStateChangedEvent ] - Item 'UDM_Sensor_Temperature' changed from 23.2 to 23.3 (source: org.openhab.core.io.rest)
2026-02-28 09:41:40.138 [INFO ] [openhab.event.ItemStateChangedEvent ] - Item 'UDM_Sensor_Humidity' changed from 43 to 42 (source: org.openhab.core.io.rest)
2026-02-28 09:41:40.142 [INFO ] [openhab.event.ItemStateChangedEvent ] - Item 'UDM_CoAP_Data' changed from {"temperature": 23.23652005042865, "humidity": 43.36768343559814} to {"temperature": 23.229153671555384, "humidity": 43.982229528139676} (source: org.openhab.core.io.rest)
2026-02-28 09:41:45.151 [INFO ] [openhab.event.ItemStateChangedEvent ] - Item 'UDM_Sensor_Temperature' changed from 23.3 to 23.2 (source: org.openhab.core.io.rest)
2026-02-28 09:41:45.152 [INFO ] [openhab.event.ItemStateChangedEvent ] - Item 'UDM_Sensor_Humidity' changed from 42 to 41 (source: org.openhab.core.io.rest)
2026-02-28 09:41:45.156 [INFO ] [openhab.event.ItemStateChangedEvent ] - Item 'UDM_CoAP_Data' changed from {"temperature": 23.229153671555384, "humidity": 43.982229528139676} to {"temperature": 23.258657559493038, "humidity": 42.05594405029108} (source: org.openhab.core.io.rest)
2026-02-28 09:41:50.162 [INFO ] [openhab.event.ItemStateChangedEvent ] - Item 'UDM_HTTP_Temperature' changed from 23.229589766366395 to 23.51879687060419 (source: org.openhab.core.io.rest)
2026-02-28 09:41:50.163 [INFO ] [openhab.event.ItemStateChangedEvent ] - Item 'UDM_HTTP_Humidity' changed from 42.32163996624095 to 41.16573144405874 (source: org.openhab.core.io.rest)
2026-02-28 09:41:50.165 [INFO ] [openhab.event.ItemStateChangedEvent ] - Item 'UDM_Sensor_Temperature' changed from 23.2 to 23.5 (source: org.openhab.core.io.rest)
2026-02-28 09:41:50.167 [INFO ] [openhab.event.ItemStateChangedEvent ] - Item 'UDM_Sensor_Humidity' changed from 41 to 40 (source: org.openhab.core.io.rest)
2026-02-28 09:41:50.171 [INFO ] [openhab.event.ItemStateChangedEvent ] - Item 'UDM_CoAP_Data' changed from {"temperature": 23.258657559493038, "humidity": 42.05594405029108} to {"temperature": 23.187212997499287, "humidity": 41.96113336042952} (source: org.openhab.core.io.rest)
2026-02-28 09:41:55.179 [INFO ] [openhab.event.ItemStateChangedEvent ] - Item 'UDM_Sensor_Temperature' changed from 23.5 to 23.4 (source: org.openhab.core.io.rest)
2026-02-28 09:41:55.180 [INFO ] [openhab.event.ItemStateChangedEvent ] - Item 'UDM_Sensor_Humidity' changed from 40 to 41 (source: org.openhab.core.io.rest)
2026-02-28 09:41:55.183 [INFO ] [openhab.event.ItemStateChangedEvent ] - Item 'UDM_CoAP_Data' changed from {"temperature": 23.187212997499287, "humidity": 41.96113336042952} to {"temperature": 23.503456900421934, "humidity": 40.506662542422745} (source: org.openhab.core.io.rest)
2026-02-28 09:42:00.190 [INFO ] [openhab.event.ItemStateChangedEvent ] - Item 'UDM_HTTP_Temperature' changed from 23.51879687060419 to 23.607775908158867 (source: org.openhab.core.io.rest)
2026-02-28 09:42:00.190 [INFO ] [openhab.event.ItemStateChangedEvent ] - Item 'UDM_HTTP_Humidity' changed from 41.16573144405874 to 41.24917952802297 (source: org.openhab.core.io.rest)
2026-02-28 09:42:00.193 [INFO ] [openhab.event.ItemStateChangedEvent ] - Item 'UDM_Sensor_Temperature' changed from 23.4 to 23.8 (source: org.openhab.core.io.rest)
2026-02-28 09:42:00.194 [INFO ] [openhab.event.ItemStateChangedEvent ] - Item 'UDM_Sensor_Humidity' changed from 41 to 42 (source: org.openhab.core.io.rest)
2026-02-28 09:42:00.198 [INFO ] [openhab.event.ItemStateChangedEvent ] - Item 'UDM_CoAP_Data' changed from {"temperature": 23.503456900421934, "humidity": 40.506662542422745} to {"temperature": 23.36370010445111, "humidity": 41.267408731486235} (source: org.openhab.core.io.rest)
2026-02-28 09:42:05.208 [INFO ] [openhab.event.ItemStateChangedEvent ] - Item 'UDM_Sensor_Temperature' changed from 23.8 to 23.5 (source: org.openhab.core.io.rest)
2026-02-28 09:42:05.209 [INFO ] [openhab.event.ItemStateChangedEvent ] - Item 'UDM_Sensor_Humidity' changed from 42 to 40 (source: org.openhab.core.io.rest)
2026-02-28 09:42:05.212 [INFO ] [openhab.event.ItemStateChangedEvent ] - Item 'UDM_CoAP_Data' changed from {"temperature": 23.36370010445111, "humidity": 41.267408731486235} to {"temperature": 23.801690753559022, "humidity": 42.11150524156655} (source: org.openhab.core.io.rest)
2026-02-28 09:42:10.218 [INFO ] [openhab.event.ItemStateChangedEvent ] - Item 'UDM_HTTP_Temperature' changed from 23.607775908158867 to 23.45347058413985 (source: org.openhab.core.io.rest)
2026-02-28 09:42:10.219 [INFO ] [openhab.event.ItemStateChangedEvent ] - Item 'UDM_HTTP_Humidity' changed from 41.24917952802297 to 42.51958231855245 (source: org.openhab.core.io.rest)
2026-02-28 09:42:10.222 [INFO ] [openhab.event.ItemStateChangedEvent ] - Item 'UDM_Sensor_Temperature' changed from 23.5 to 23.4 (source: org.openhab.core.io.rest)
2026-02-28 09:42:10.223 [INFO ] [openhab.event.ItemStateChangedEvent ] - Item 'UDM_Sensor_Humidity' changed from 40 to 41 (source: org.openhab.core.io.rest)
2026-02-28 09:42:10.227 [INFO ] [openhab.event.ItemStateChangedEvent ] - Item 'UDM_CoAP_Data' changed from {"temperature": 23.801690753559022, "humidity": 42.11150524156655} to {"temperature": 23.498468283286105, "humidity": 40.59995293808032} (source: org.openhab.core.io.rest)
2026-02-28 09:42:15.237 [INFO ] [openhab.event.ItemStateChangedEvent ] - Item 'UDM_Sensor_Temperature' changed from 23.4 to 23.5 (source: org.openhab.core.io.rest)
2026-02-28 09:42:15.238 [INFO ] [openhab.event.ItemStateChangedEvent ] - Item 'UDM_Sensor_Humidity' changed from 41 to 42 (source: org.openhab.core.io.rest)
2026-02-28 09:42:15.241 [INFO ] [openhab.event.ItemStateChangedEvent ] - Item 'UDM_CoAP_Data' changed from {"temperature": 23.498468283286105, "humidity": 40.59995293808032} to {"temperature": 23.416160773371193, "humidity": 41.56859234895021} (source: org.openhab.core.io.rest)
2026-02-28 09:42:20.248 [INFO ] [openhab.event.ItemStateChangedEvent ] - Item 'UDM_HTTP_Temperature' changed from 23.45347058413985 to 23.461132300389057 (source: org.openhab.core.io.rest)
2026-02-28 09:42:20.249 [INFO ] [openhab.event.ItemStateChangedEvent ] - Item 'UDM_HTTP_Humidity' changed from 42.51958231855245 to 42.668042814937344 (source: org.openhab.core.io.rest)
2026-02-28 09:42:20.254 [INFO ] [openhab.event.ItemStateChangedEvent ] - Item 'UDM_Sensor_Humidity' changed from 42 to 43 (source: org.openhab.core.io.rest)
2026-02-28 09:42:20.258 [INFO ] [openhab.event.ItemStateChangedEvent ] - Item 'UDM_CoAP_Data' changed from {"temperature": 23.416160773371193, "humidity": 41.56859234895021} to {"temperature": 23.525019793684322, "humidity": 42.400695041180384} (source: org.openhab.core.io.rest)
2026-02-28 09:42:25.267 [INFO ] [openhab.event.ItemStateChangedEvent ] - Item 'UDM_Sensor_Humidity' changed from 43 to 42 (source: org.openhab.core.io.rest)
2026-02-28 09:42:25.270 [INFO ] [openhab.event.ItemStateChangedEvent ] - Item 'UDM_CoAP_Data' changed from {"temperature": 23.525019793684322, "humidity": 42.400695041180384} to {"temperature": 23.48765813114648, "humidity": 43.09627670733162} (source: org.openhab.core.io.rest)
2026-02-28 09:42:30.277 [INFO ] [openhab.event.ItemStateChangedEvent ] - Item 'UDM_HTTP_Temperature' changed from 23.461132300389057 to 23.402968797566682 (source: org.openhab.core.io.rest)
2026-02-28 09:42:30.278 [INFO ] [openhab.event.ItemStateChangedEvent ] - Item 'UDM_HTTP_Humidity' changed from 42.668042814937344 to 43.572116055521455 (source: org.openhab.core.io.rest)
2026-02-28 09:42:30.280 [INFO ] [openhab.event.ItemStateChangedEvent ] - Item 'UDM_Sensor_Temperature' changed from 23.5 to 23.4 (source: org.openhab.core.io.rest)
2026-02-28 09:42:30.281 [INFO ] [openhab.event.ItemStateChangedEvent ] - Item 'UDM_Sensor_Humidity' changed from 42 to 44 (source: org.openhab.core.io.rest)
2026-02-28 09:42:30.285 [INFO ] [openhab.event.ItemStateChangedEvent ] - Item 'UDM_CoAP_Data' changed from {"temperature": 23.48765813114648, "humidity": 43.09627670733162} to {"temperature": 23.4743691736918, "humidity": 42.31111299949766} (source: org.openhab.core.io.rest)
2026-02-28 09:42:35.294 [INFO ] [openhab.event.ItemStateChangedEvent ] - Item 'UDM_Sensor_Temperature' changed from 23.4 to 23.6 (source: org.openhab.core.io.rest)
2026-02-28 09:42:35.295 [INFO ] [openhab.event.ItemStateChangedEvent ] - Item 'UDM_Sensor_Humidity' changed from 44 to 43 (source: org.openhab.core.io.rest)
2026-02-28 09:42:35.299 [INFO ] [openhab.event.ItemStateChangedEvent ] - Item 'UDM_CoAP_Data' changed from {"temperature": 23.4743691736918, "humidity": 42.31111299949766} to {"temperature": 23.406447727663803, "humidity": 44.5472729426621} (source: org.openhab.core.io.rest)
2026-02-28 09:42:40.305 [INFO ] [openhab.event.ItemStateChangedEvent ] - Item 'UDM_HTTP_Temperature' changed from 23.402968797566682 to 23.506991430766682 (source: org.openhab.core.io.rest)
2026-02-28 09:42:40.306 [INFO ] [openhab.event.ItemStateChangedEvent ] - Item 'UDM_HTTP_Humidity' changed from 43.572116055521455 to 42.98138180770668 (source: org.openhab.core.io.rest)
2026-02-28 09:42:40.308 [INFO ] [openhab.event.ItemStateChangedEvent ] - Item 'UDM_Sensor_Temperature' changed from 23.6 to 23.4 (source: org.openhab.core.io.rest)
2026-02-28 09:42:40.309 [INFO ] [openhab.event.ItemStateChangedEvent ] - Item 'UDM_Sensor_Humidity' changed from 43 to 42 (source: org.openhab.core.io.rest)
2026-02-28 09:42:40.313 [INFO ] [openhab.event.ItemStateChangedEvent ] - Item 'UDM_CoAP_Data' changed from {"temperature": 23.406447727663803, "humidity": 44.5472729426621} to {"temperature": 23.59726194774081, "humidity": 43.208179878486575} (source: org.openhab.core.io.rest)
2026-02-28 09:42:45.327 [INFO ] [openhab.event.ItemStateChangedEvent ] - Item 'UDM_Sensor_Temperature' changed from 23.4 to 23.5 (source: org.openhab.core.io.rest)
2026-02-28 09:42:45.329 [INFO ] [openhab.event.ItemStateChangedEvent ] - Item 'UDM_Sensor_Humidity' changed from 42 to 43 (source: org.openhab.core.io.rest)
2026-02-28 09:42:45.332 [INFO ] [openhab.event.ItemStateChangedEvent ] - Item 'UDM_CoAP_Data' changed from {"temperature": 23.59726194774081, "humidity": 43.208179878486575} to {"temperature": 23.401506900817235, "humidity": 42.236707396347} (source: org.openhab.core.io.rest)
2026-02-28 09:42:50.341 [INFO ] [openhab.event.ItemStateChangedEvent ] - Item 'UDM_HTTP_Temperature' changed from 23.506991430766682 to 23.290983602745044 (source: org.openhab.core.io.rest)
2026-02-28 09:42:50.341 [INFO ] [openhab.event.ItemStateChangedEvent ] - Item 'UDM_HTTP_Humidity' changed from 42.98138180770668 to 43.712684752975015 (source: org.openhab.core.io.rest)
2026-02-28 09:42:50.344 [INFO ] [openhab.event.ItemStateChangedEvent ] - Item 'UDM_Sensor_Temperature' changed from 23.5 to 23.4 (source: org.openhab.core.io.rest)
2026-02-28 09:42:50.345 [INFO ] [openhab.event.ItemStateChangedEvent ] - Item 'UDM_Sensor_Humidity' changed from 43 to 44 (source: org.openhab.core.io.rest)
2026-02-28 09:42:50.349 [INFO ] [openhab.event.ItemStateChangedEvent ] - Item 'UDM_CoAP_Data' changed from {"temperature": 23.401506900817235, "humidity": 42.236707396347} to {"temperature": 23.46097357427433, "humidity": 43.37620410318831} (source: org.openhab.core.io.rest)
2026-02-28 09:42:55.356 [INFO ] [openhab.event.ItemStateChangedEvent ] - Item 'UDM_Sensor_Temperature' changed from 23.4 to 23.3 (source: org.openhab.core.io.rest)
2026-02-28 09:42:55.361 [INFO ] [openhab.event.ItemStateChangedEvent ] - Item 'UDM_CoAP_Data' changed from {"temperature": 23.46097357427433, "humidity": 43.37620410318831} to {"temperature": 23.367329802028316, "humidity": 44.107881470408415} (source: org.openhab.core.io.rest)
2026-02-28 09:43:00.367 [INFO ] [openhab.event.ItemStateChangedEvent ] - Item 'UDM_HTTP_Temperature' changed from 23.290983602745044 to 23.215186821838717 (source: org.openhab.core.io.rest)
2026-02-28 09:43:00.368 [INFO ] [openhab.event.ItemStateChangedEvent ] - Item 'UDM_HTTP_Humidity' changed from 43.712684752975015 to 44.9180524799731 (source: org.openhab.core.io.rest)
2026-02-28 09:43:00.371 [INFO ] [openhab.event.ItemStateChangedEvent ] - Item 'UDM_Sensor_Temperature' changed from 23.3 to 23.4 (source: org.openhab.core.io.rest)
2026-02-28 09:43:00.376 [INFO ] [openhab.event.ItemStateChangedEvent ] - Item 'UDM_CoAP_Data' changed from {"temperature": 23.367329802028316, "humidity": 44.107881470408415} to {"temperature": 23.310425396333226, "humidity": 44.15474035755464} (source: org.openhab.core.io.rest)
2026-02-28 09:43:05.386 [INFO ] [openhab.event.ItemStateChangedEvent ] - Item 'UDM_Sensor_Temperature' changed from 23.4 to 23.1 (source: org.openhab.core.io.rest)
2026-02-28 09:43:05.390 [INFO ] [openhab.event.ItemStateChangedEvent ] - Item 'UDM_CoAP_Data' changed from {"temperature": 23.310425396333226, "humidity": 44.15474035755464} to {"temperature": 23.366913370702076, "humidity": 44.35990480183665} (source: org.openhab.core.io.rest)
2026-02-28 09:43:10.396 [INFO ] [openhab.event.ItemStateChangedEvent ] - Item 'UDM_HTTP_Temperature' changed from 23.215186821838717 to 23.307366814394552 (source: org.openhab.core.io.rest)
2026-02-28 09:43:10.398 [INFO ] [openhab.event.ItemStateChangedEvent ] - Item 'UDM_HTTP_Humidity' changed from 44.9180524799731 to 45.41252313216829 (source: org.openhab.core.io.rest)
2026-02-28 09:43:10.400 [INFO ] [openhab.event.ItemStateChangedEvent ] - Item 'UDM_Sensor_Temperature' changed from 23.1 to 23.4 (source: org.openhab.core.io.rest)
2026-02-28 09:43:10.402 [INFO ] [openhab.event.ItemStateChangedEvent ] - Item 'UDM_Sensor_Humidity' changed from 44 to 45 (source: org.openhab.core.io.rest)
2026-02-28 09:43:10.406 [INFO ] [openhab.event.ItemStateChangedEvent ] - Item 'UDM_CoAP_Data' changed from {"temperature": 23.366913370702076, "humidity": 44.35990480183665} to {"temperature": 23.11854979815041, "humidity": 44.65012789898844} (source: org.openhab.core.io.rest)
2026-02-28 09:43:15.415 [INFO ] [openhab.event.ItemStateChangedEvent ] - Item 'UDM_Sensor_Temperature' changed from 23.4 to 23.1 (source: org.openhab.core.io.rest)
2026-02-28 09:43:15.416 [INFO ] [openhab.event.ItemStateChangedEvent ] - Item 'UDM_Sensor_Humidity' changed from 45 to 46 (source: org.openhab.core.io.rest)
2026-02-28 09:43:15.420 [INFO ] [openhab.event.ItemStateChangedEvent ] - Item 'UDM_CoAP_Data' changed from {"temperature": 23.11854979815041, "humidity": 44.65012789898844} to {"temperature": 23.399229135061127, "humidity": 45.917099475642935} (source: org.openhab.core.io.rest)
2026-02-28 09:43:20.425 [INFO ] [openhab.event.ItemStateChangedEvent ] - Item 'UDM_HTTP_Temperature' changed from 23.307366814394552 to 23.280994660764375 (source: org.openhab.core.io.rest)
2026-02-28 09:43:20.426 [INFO ] [openhab.event.ItemStateChangedEvent ] - Item 'UDM_HTTP_Humidity' changed from 45.41252313216829 to 46.17002889963454 (source: org.openhab.core.io.rest)
2026-02-28 09:43:20.428 [INFO ] [openhab.event.ItemStateChangedEvent ] - Item 'UDM_Sensor_Temperature' changed from 23.1 to 23.3 (source: org.openhab.core.io.rest)
2026-02-28 09:43:20.433 [INFO ] [openhab.event.ItemStateChangedEvent ] - Item 'UDM_CoAP_Data' changed from {"temperature": 23.399229135061127, "humidity": 45.917099475642935} to {"temperature": 23.14389598330522, "humidity": 46.023238050602984} (source: org.openhab.core.io.rest)
2026-02-28 09:43:25.447 [INFO ] [openhab.event.ItemStateChangedEvent ] - Item 'UDM_CoAP_Data' changed from {"temperature": 23.14389598330522, "humidity": 46.023238050602984} to {"temperature": 23.297353528463812, "humidity": 46.45659525768558} (source: org.openhab.core.io.rest)
2026-02-28 09:43:30.453 [INFO ] [openhab.event.ItemStateChangedEvent ] - Item 'UDM_HTTP_Temperature' changed from 23.280994660764375 to 23.0358028600212 (source: org.openhab.core.io.rest)
2026-02-28 09:43:30.454 [INFO ] [openhab.event.ItemStateChangedEvent ] - Item 'UDM_HTTP_Humidity' changed from 46.17002889963454 to 46.64614349631378 (source: org.openhab.core.io.rest)
2026-02-28 09:43:30.457 [INFO ] [openhab.event.ItemStateChangedEvent ] - Item 'UDM_Sensor_Temperature' changed from 23.3 to 23.0 (source: org.openhab.core.io.rest)
2026-02-28 09:43:30.462 [INFO ] [openhab.event.ItemStateChangedEvent ] - Item 'UDM_CoAP_Data' changed from {"temperature": 23.297353528463812, "humidity": 46.45659525768558} to {"temperature": 23.2948222429675, "humidity": 46.38283338140049} (source: org.openhab.core.io.rest)
2026-02-28 09:43:35.476 [INFO ] [openhab.event.ItemStateChangedEvent ] - Item 'UDM_CoAP_Data' changed from {"temperature": 23.2948222429675, "humidity": 46.38283338140049} to {"temperature": 23.039993794095185, "humidity": 46.1716882655326} (source: org.openhab.core.io.rest)
2026-02-28 09:43:40.482 [INFO ] [openhab.event.ItemStateChangedEvent ] - Item 'UDM_HTTP_Temperature' changed from 23.0358028600212 to 22.934551497469375 (source: org.openhab.core.io.rest)
2026-02-28 09:43:40.483 [INFO ] [openhab.event.ItemStateChangedEvent ] - Item 'UDM_HTTP_Humidity' changed from 46.64614349631378 to 46.50878954186588 (source: org.openhab.core.io.rest)
2026-02-28 09:43:40.487 [INFO ] [openhab.event.ItemStateChangedEvent ] - Item 'UDM_Sensor_Humidity' changed from 46 to 45 (source: org.openhab.core.io.rest)
2026-02-28 09:43:40.490 [INFO ] [openhab.event.ItemStateChangedEvent ] - Item 'UDM_CoAP_Data' changed from {"temperature": 23.039993794095185, "humidity": 46.1716882655326} to {"temperature": 23.015048855959385, "humidity": 46.489274035118335} (source: org.openhab.core.io.rest)
2026-02-28 09:43:45.500 [INFO ] [openhab.event.ItemStateChangedEvent ] - Item 'UDM_Sensor_Temperature' changed from 23.0 to 22.9 (source: org.openhab.core.io.rest)
2026-02-28 09:43:45.502 [INFO ] [openhab.event.ItemStateChangedEvent ] - Item 'UDM_Sensor_Humidity' changed from 45 to 47 (source: org.openhab.core.io.rest)
2026-02-28 09:43:45.505 [INFO ] [openhab.event.ItemStateChangedEvent ] - Item 'UDM_CoAP_Data' changed from {"temperature": 23.015048855959385, "humidity": 46.489274035118335} to {"temperature": 22.978824023092866, "humidity": 45.863602479019704} (source: org.openhab.core.io.rest)
2026-02-28 09:43:50.510 [INFO ] [openhab.event.ItemStateChangedEvent ] - Item 'UDM_HTTP_Temperature' changed from 22.934551497469375 to 22.646859602185064 (source: org.openhab.core.io.rest)
2026-02-28 09:43:50.511 [INFO ] [openhab.event.ItemStateChangedEvent ] - Item 'UDM_HTTP_Humidity' changed from 46.50878954186588 to 47.56580624653451 (source: org.openhab.core.io.rest)
2026-02-28 09:43:50.513 [INFO ] [openhab.event.ItemStateChangedEvent ] - Item 'UDM_Sensor_Temperature' changed from 22.9 to 22.7 (source: org.openhab.core.io.rest)
2026-02-28 09:43:50.518 [INFO ] [openhab.event.ItemStateChangedEvent ] - Item 'UDM_CoAP_Data' changed from {"temperature": 22.978824023092866, "humidity": 45.863602479019704} to {"temperature": 22.87380260156167, "humidity": 47.25080384335344} (source: org.openhab.core.io.rest)
2026-02-28 09:43:55.528 [INFO ] [openhab.event.ItemStateChangedEvent ] - Item 'UDM_Sensor_Temperature' changed from 22.7 to 22.8 (source: org.openhab.core.io.rest)
2026-02-28 09:43:55.529 [INFO ] [openhab.event.ItemStateChangedEvent ] - Item 'UDM_Sensor_Humidity' changed from 47 to 46 (source: org.openhab.core.io.rest)
2026-02-28 09:43:55.535 [INFO ] [openhab.event.ItemStateChangedEvent ] - Item 'UDM_CoAP_Data' changed from {"temperature": 22.87380260156167, "humidity": 47.25080384335344} to {"temperature": 22.722560062459497, "humidity": 47.919881576147716} (source: org.openhab.core.io.rest)
2026-02-28 09:44:00.542 [INFO ] [openhab.event.ItemStateChangedEvent ] - Item 'UDM_HTTP_Temperature' changed from 22.646859602185064 to 22.515151059573235 (source: org.openhab.core.io.rest)
2026-02-28 09:44:00.543 [INFO ] [openhab.event.ItemStateChangedEvent ] - Item 'UDM_HTTP_Humidity' changed from 47.56580624653451 to 46.22118417757543 (source: org.openhab.core.io.rest)
2026-02-28 09:44:00.545 [INFO ] [openhab.event.ItemStateChangedEvent ] - Item 'UDM_Sensor_Temperature' changed from 22.8 to 22.6 (source: org.openhab.core.io.rest)
2026-02-28 09:44:00.550 [INFO ] [openhab.event.ItemStateChangedEvent ] - Item 'UDM_CoAP_Data' changed from {"temperature": 22.722560062459497, "humidity": 47.919881576147716} to {"temperature": 22.810370281239837, "humidity": 46.9987113442264} (source: org.openhab.core.io.rest)
2026-02-28 09:44:03.458 [INFO ] [openhab.event.ItemCommandEvent      ] - Item 'UDM_Switch_CoAP' received command OFF (source: org.openhab.ui.basic$udm:0000=>org.openhab.core.io.rest)
2026-02-28 09:44:03.459 [INFO ] [openhab.event.ItemStateChangedEvent ] - Item 'UDM_Switch_CoAP' changed from ON to OFF (source: org.openhab.core.autoupdate)
2026-02-28 09:44:05.185 [INFO ] [openhab.event.ItemCommandEvent      ] - Item 'UDM_Switch_CoAP' received command ON (source: org.openhab.ui.basic$udm:0000=>org.openhab.core.io.rest)
2026-02-28 09:44:05.186 [INFO ] [openhab.event.ItemStateChangedEvent ] - Item 'UDM_Switch_CoAP' changed from OFF to ON (source: org.openhab.core.autoupdate)
2026-02-28 09:44:05.561 [INFO ] [openhab.event.ItemStateChangedEvent ] - Item 'UDM_Sensor_Humidity' changed from 46 to 47 (source: org.openhab.core.io.rest)
2026-02-28 09:44:05.565 [INFO ] [openhab.event.ItemStateChangedEvent ] - Item 'UDM_CoAP_Data' changed from {"temperature": 22.810370281239837, "humidity": 46.9987113442264} to {"temperature": 22.648922036040982, "humidity": 46.02157172918394} (source: org.openhab.core.io.rest)
2026-02-28 09:44:06.017 [INFO ] [openhab.event.ItemCommandEvent      ] - Item 'UDM_HTTP_Switch' received command OFF (source: org.openhab.ui.basic$udm:0000=>org.openhab.core.io.rest)
2026-02-28 09:44:06.018 [INFO ] [openhab.event.ItemStateChangedEvent ] - Item 'UDM_HTTP_Switch' changed from ON to OFF (source: org.openhab.core.autoupdate)
2026-02-28 09:44:06.336 [INFO ] [openhab.event.ItemCommandEvent      ] - Item 'UDM_HTTP_Switch' received command ON (source: org.openhab.ui.basic$udm:0000=>org.openhab.core.io.rest)
2026-02-28 09:44:06.336 [INFO ] [openhab.event.ItemStateChangedEvent ] - Item 'UDM_HTTP_Switch' changed from OFF to ON (source: org.openhab.core.autoupdate)
2026-02-28 09:44:10.571 [INFO ] [openhab.event.ItemStateChangedEvent ] - Item 'UDM_HTTP_Temperature' changed from 22.515151059573235 to 22.419311058520186 (source: org.openhab.core.io.rest)
2026-02-28 09:44:10.572 [INFO ] [openhab.event.ItemStateChangedEvent ] - Item 'UDM_HTTP_Humidity' changed from 46.22118417757543 to 46.145156620122926 (source: org.openhab.core.io.rest)
2026-02-28 09:44:10.574 [INFO ] [openhab.event.ItemStateChangedEvent ] - Item 'UDM_Sensor_Temperature' changed from 22.6 to 22.3 (source: org.openhab.core.io.rest)
2026-02-28 09:44:10.576 [INFO ] [openhab.event.ItemStateChangedEvent ] - Item 'UDM_Sensor_Humidity' changed from 47 to 46 (source: org.openhab.core.io.rest)
2026-02-28 09:44:10.579 [INFO ] [openhab.event.ItemStateChangedEvent ] - Item 'UDM_CoAP_Data' changed from {"temperature": 22.648922036040982, "humidity": 46.02157172918394} to {"temperature": 22.55899017178289, "humidity": 47.0309729030471} (source: org.openhab.core.io.rest)
2026-02-28 09:44:15.588 [INFO ] [openhab.event.ItemStateChangedEvent ] - Item 'UDM_Sensor_Temperature' changed from 22.3 to 22.4 (source: org.openhab.core.io.rest)
2026-02-28 09:44:15.589 [INFO ] [openhab.event.ItemStateChangedEvent ] - Item 'UDM_Sensor_Humidity' changed from 46 to 47 (source: org.openhab.core.io.rest)
2026-02-28 09:44:15.592 [INFO ] [openhab.event.ItemStateChangedEvent ] - Item 'UDM_CoAP_Data' changed from {"temperature": 22.55899017178289, "humidity": 47.0309729030471} to {"temperature": 22.343271597694773, "humidity": 46.10880184950629} (source: org.openhab.core.io.rest)
2026-02-28 09:44:20.597 [INFO ] [openhab.event.ItemStateChangedEvent ] - Item 'UDM_HTTP_Temperature' changed from 22.419311058520186 to 22.698309981122165 (source: org.openhab.core.io.rest)
2026-02-28 09:44:20.598 [INFO ] [openhab.event.ItemStateChangedEvent ] - Item 'UDM_HTTP_Humidity' changed from 46.145156620122926 to 45.72004833407147 (source: org.openhab.core.io.rest)
2026-02-28 09:44:20.600 [INFO ] [openhab.event.ItemStateChangedEvent ] - Item 'UDM_Sensor_Temperature' changed from 22.4 to 22.7 (source: org.openhab.core.io.rest)
2026-02-28 09:44:20.602 [INFO ] [openhab.event.ItemStateChangedEvent ] - Item 'UDM_Sensor_Humidity' changed from 47 to 45 (source: org.openhab.core.io.rest)
2026-02-28 09:44:20.605 [INFO ] [openhab.event.ItemStateChangedEvent ] - Item 'UDM_CoAP_Data' changed from {"temperature": 22.343271597694773, "humidity": 46.10880184950629} to {"temperature": 22.375902205715313, "humidity": 47.119476449159876} (source: org.openhab.core.io.rest)
2026-02-28 09:44:25.614 [INFO ] [openhab.event.ItemStateChangedEvent ] - Item 'UDM_Sensor_Temperature' changed from 22.7 to 22.9 (source: org.openhab.core.io.rest)
2026-02-28 09:44:25.618 [INFO ] [openhab.event.ItemStateChangedEvent ] - Item 'UDM_CoAP_Data' changed from {"temperature": 22.375902205715313, "humidity": 47.119476449159876} to {"temperature": 22.652000606349862, "humidity": 45.418636339916716} (source: org.openhab.core.io.rest)
2026-02-28 09:44:30.624 [INFO ] [openhab.event.ItemStateChangedEvent ] - Item 'UDM_HTTP_Temperature' changed from 22.698309981122165 to 22.544727716019967 (source: org.openhab.core.io.rest)
2026-02-28 09:44:30.625 [INFO ] [openhab.event.ItemStateChangedEvent ] - Item 'UDM_HTTP_Humidity' changed from 45.72004833407147 to 44.96849667834038 (source: org.openhab.core.io.rest)
2026-02-28 09:44:30.627 [INFO ] [openhab.event.ItemStateChangedEvent ] - Item 'UDM_Sensor_Temperature' changed from 22.9 to 22.5 (source: org.openhab.core.io.rest)
2026-02-28 09:44:30.631 [INFO ] [openhab.event.ItemStateChangedEvent ] - Item 'UDM_CoAP_Data' changed from {"temperature": 22.652000606349862, "humidity": 45.418636339916716} to {"temperature": 22.89671693638057, "humidity": 45.35643099950345} (source: org.openhab.core.io.rest)
2026-02-28 09:44:35.640 [INFO ] [openhab.event.ItemStateChangedEvent ] - Item 'UDM_Sensor_Temperature' changed from 22.5 to 22.4 (source: org.openhab.core.io.rest)
2026-02-28 09:44:35.644 [INFO ] [openhab.event.ItemStateChangedEvent ] - Item 'UDM_CoAP_Data' changed from {"temperature": 22.89671693638057, "humidity": 45.35643099950345} to {"temperature": 22.505089011630965, "humidity": 45.95904377643817} (source: org.openhab.core.io.rest)
2026-02-28 09:44:40.651 [INFO ] [openhab.event.ItemStateChangedEvent ] - Item 'UDM_HTTP_Temperature' changed from 22.544727716019967 to 22.68882256806407 (source: org.openhab.core.io.rest)
2026-02-28 09:44:40.652 [INFO ] [openhab.event.ItemStateChangedEvent ] - Item 'UDM_HTTP_Humidity' changed from 44.96849667834038 to 43.95411835251601 (source: org.openhab.core.io.rest)
2026-02-28 09:44:40.655 [INFO ] [openhab.event.ItemStateChangedEvent ] - Item 'UDM_Sensor_Temperature' changed from 22.4 to 22.5 (source: org.openhab.core.io.rest)
2026-02-28 09:44:40.656 [INFO ] [openhab.event.ItemStateChangedEvent ] - Item 'UDM_Sensor_Humidity' changed from 45 to 43 (source: org.openhab.core.io.rest)
2026-02-28 09:44:40.660 [INFO ] [openhab.event.ItemStateChangedEvent ] - Item 'UDM_CoAP_Data' changed from {"temperature": 22.505089011630965, "humidity": 45.95904377643817} to {"temperature": 22.3607652930092, "humidity": 45.91684472914944} (source: org.openhab.core.io.rest)
2026-02-28 09:44:45.670 [INFO ] [openhab.event.ItemStateChangedEvent ] - Item 'UDM_Sensor_Temperature' changed from 22.5 to 22.8 (source: org.openhab.core.io.rest)
2026-02-28 09:44:45.674 [INFO ] [openhab.event.ItemStateChangedEvent ] - Item 'UDM_CoAP_Data' changed from {"temperature": 22.3607652930092, "humidity": 45.91684472914944} to {"temperature": 22.524115583185978, "humidity": 43.5533637412601} (source: org.openhab.core.io.rest)
2026-02-28 09:44:50.678 [INFO ] [openhab.event.ItemStateChangedEvent ] - Item 'UDM_HTTP_Temperature' changed from 22.68882256806407 to 22.672006784682807 (source: org.openhab.core.io.rest)
2026-02-28 09:44:50.679 [INFO ] [openhab.event.ItemStateChangedEvent ] - Item 'UDM_HTTP_Humidity' changed from 43.95411835251601 to 43.217061562834736 (source: org.openhab.core.io.rest)
2026-02-28 09:44:50.681 [INFO ] [openhab.event.ItemStateChangedEvent ] - Item 'UDM_Sensor_Temperature' changed from 22.8 to 22.7 (source: org.openhab.core.io.rest)
2026-02-28 09:44:50.685 [INFO ] [openhab.event.ItemStateChangedEvent ] - Item 'UDM_CoAP_Data' changed from {"temperature": 22.524115583185978, "humidity": 43.5533637412601} to {"temperature": 22.75657535746417, "humidity": 43.13617814026541} (source: org.openhab.core.io.rest)
2026-02-28 09:44:51.844 [INFO ] [openhab.event.ItemCommandEvent      ] - Item 'UDM_Switch_CoAP' received command OFF (source: org.openhab.ui.basic$udm:0000=>org.openhab.core.io.rest)
2026-02-28 09:44:51.845 [INFO ] [openhab.event.ItemStateChangedEvent ] - Item 'UDM_Switch_CoAP' changed from ON to OFF (source: org.openhab.core.autoupdate)
2026-02-28 09:44:52.129 [INFO ] [openhab.event.ItemCommandEvent      ] - Item 'UDM_Switch_CoAP' received command ON (source: org.openhab.ui.basic$udm:0000=>org.openhab.core.io.rest)
2026-02-28 09:44:52.130 [INFO ] [openhab.event.ItemStateChangedEvent ] - Item 'UDM_Switch_CoAP' changed from OFF to ON (source: org.openhab.core.autoupdate)
2026-02-28 09:44:55.694 [INFO ] [openhab.event.ItemStateChangedEvent ] - Item 'UDM_Sensor_Temperature' changed from 22.7 to 22.6 (source: org.openhab.core.io.rest)
2026-02-28 09:44:55.695 [INFO ] [openhab.event.ItemStateChangedEvent ] - Item 'UDM_Sensor_Humidity' changed from 43 to 42 (source: org.openhab.core.io.rest)
2026-02-28 09:44:55.698 [INFO ] [openhab.event.ItemStateChangedEvent ] - Item 'UDM_CoAP_Data' changed from {"temperature": 22.75657535746417, "humidity": 43.13617814026541} to {"temperature": 22.671374001109744, "humidity": 43.32208220241306} (source: org.openhab.core.io.rest)
2026-02-28 09:45:00.706 [INFO ] [openhab.event.ItemStateChangedEvent ] - Item 'UDM_HTTP_Temperature' changed from 22.672006784682807 to 22.556710884656777 (source: org.openhab.core.io.rest)
2026-02-28 09:45:00.707 [INFO ] [openhab.event.ItemStateChangedEvent ] - Item 'UDM_HTTP_Humidity' changed from 43.217061562834736 to 43.14783070245194 (source: org.openhab.core.io.rest)
2026-02-28 09:45:00.711 [INFO ] [openhab.event.ItemStateChangedEvent ] - Item 'UDM_Sensor_Humidity' changed from 42 to 43 (source: org.openhab.core.io.rest)
2026-02-28 09:45:00.719 [INFO ] [openhab.event.ItemStateChangedEvent ] - Item 'UDM_CoAP_Data' changed from {"temperature": 22.671374001109744, "humidity": 43.32208220241306} to {"temperature": 22.594990230681965, "humidity": 42.79823087143937} (source: org.openhab.core.io.rest)
2026-02-28 09:45:05.728 [INFO ] [openhab.event.ItemStateChangedEvent ] - Item 'UDM_Sensor_Temperature' changed from 22.6 to 22.4 (source: org.openhab.core.io.rest)
2026-02-28 09:45:05.731 [INFO ] [openhab.event.ItemStateChangedEvent ] - Item 'UDM_CoAP_Data' changed from {"temperature": 22.594990230681965, "humidity": 42.79823087143937} to {"temperature": 22.58657769307032, "humidity": 43.280246647482514} (source: org.openhab.core.io.rest)
2026-02-28 09:45:10.738 [INFO ] [openhab.event.ItemStateChangedEvent ] - Item 'UDM_HTTP_Temperature' changed from 22.556710884656777 to 22.655759321037856 (source: org.openhab.core.io.rest)
2026-02-28 09:45:10.739 [INFO ] [openhab.event.ItemStateChangedEvent ] - Item 'UDM_HTTP_Humidity' changed from 43.14783070245194 to 43.31975150814673 (source: org.openhab.core.io.rest)
2026-02-28 09:45:10.742 [INFO ] [openhab.event.ItemStateChangedEvent ] - Item 'UDM_Sensor_Temperature' changed from 22.4 to 22.6 (source: org.openhab.core.io.rest)
2026-02-28 09:45:10.746 [INFO ] [openhab.event.ItemStateChangedEvent ] - Item 'UDM_CoAP_Data' changed from {"temperature": 22.58657769307032, "humidity": 43.280246647482514} to {"temperature": 22.36475704427907, "humidity": 43.26589890554305} (source: org.openhab.core.io.rest)
2026-02-28 09:45:15.755 [INFO ] [openhab.event.ItemStateChangedEvent ] - Item 'UDM_Sensor_Temperature' changed from 22.6 to 22.7 (source: org.openhab.core.io.rest)
2026-02-28 09:45:15.759 [INFO ] [openhab.event.ItemStateChangedEvent ] - Item 'UDM_CoAP_Data' changed from {"temperature": 22.36475704427907, "humidity": 43.26589890554305} to {"temperature": 22.61007832393434, "humidity": 43.047942712508416} (source: org.openhab.core.io.rest)
2026-02-28 09:45:20.764 [INFO ] [openhab.event.ItemStateChangedEvent ] - Item 'UDM_HTTP_Temperature' changed from 22.655759321037856 to 22.49441911743852 (source: org.openhab.core.io.rest)
2026-02-28 09:45:20.765 [INFO ] [openhab.event.ItemStateChangedEvent ] - Item 'UDM_HTTP_Humidity' changed from 43.31975150814673 to 43.10716696518849 (source: org.openhab.core.io.rest)
2026-02-28 09:45:20.768 [INFO ] [openhab.event.ItemStateChangedEvent ] - Item 'UDM_Sensor_Temperature' changed from 22.7 to 22.4 (source: org.openhab.core.io.rest)
2026-02-28 09:45:20.769 [INFO ] [openhab.event.ItemStateChangedEvent ] - Item 'UDM_Sensor_Humidity' changed from 43 to 42 (source: org.openhab.core.io.rest)
2026-02-28 09:45:20.773 [INFO ] [openhab.event.ItemStateChangedEvent ] - Item 'UDM_CoAP_Data' changed from {"temperature": 22.61007832393434, "humidity": 43.047942712508416} to {"temperature": 22.691795855333893, "humidity": 43.46048003438059} (source: org.openhab.core.io.rest)
2026-02-28 09:45:25.128 [INFO ] [openhab.event.ItemCommandEvent      ] - Item 'UDM_Switch_CoAP' received command OFF (source: org.openhab.ui.basic$udm:0000=>org.openhab.core.io.rest)
2026-02-28 09:45:25.128 [INFO ] [openhab.event.ItemStateChangedEvent ] - Item 'UDM_Switch_CoAP' changed from ON to OFF (source: org.openhab.core.autoupdate)
2026-02-28 09:45:25.506 [INFO ] [openhab.event.ItemCommandEvent      ] - Item 'UDM_Switch_CoAP' received command ON (source: org.openhab.ui.basic$udm:0000=>org.openhab.core.io.rest)
2026-02-28 09:45:25.506 [INFO ] [openhab.event.ItemStateChangedEvent ] - Item 'UDM_Switch_CoAP' changed from OFF to ON (source: org.openhab.core.autoupdate)
2026-02-28 09:45:25.782 [INFO ] [openhab.event.ItemStateChangedEvent ] - Item 'UDM_Sensor_Temperature' changed from 22.4 to 22.3 (source: org.openhab.core.io.rest)
2026-02-28 09:45:25.783 [INFO ] [openhab.event.ItemStateChangedEvent ] - Item 'UDM_Sensor_Humidity' changed from 42 to 43 (source: org.openhab.core.io.rest)
2026-02-28 09:45:25.786 [INFO ] [openhab.event.ItemStateChangedEvent ] - Item 'UDM_CoAP_Data' changed from {"temperature": 22.691795855333893, "humidity": 43.46048003438059} to {"temperature": 22.353832279282944, "humidity": 42.470281086419426} (source: org.openhab.core.io.rest)
2026-02-28 09:45:26.026 [INFO ] [openhab.event.ItemCommandEvent      ] - Item 'UDM_HTTP_Switch' received command OFF (source: org.openhab.ui.basic$udm:0000=>org.openhab.core.io.rest)
2026-02-28 09:45:26.027 [INFO ] [openhab.event.ItemStateChangedEvent ] - Item 'UDM_HTTP_Switch' changed from ON to OFF (source: org.openhab.core.autoupdate)
2026-02-28 09:45:26.553 [INFO ] [openhab.event.ItemCommandEvent      ] - Item 'UDM_HTTP_Switch' received command ON (source: org.openhab.ui.basic$udm:0000=>org.openhab.core.io.rest)
2026-02-28 09:45:26.554 [INFO ] [openhab.event.ItemStateChangedEvent ] - Item 'UDM_HTTP_Switch' changed from OFF to ON (source: org.openhab.core.autoupdate)
2026-02-28 09:45:30.793 [INFO ] [openhab.event.ItemStateChangedEvent ] - Item 'UDM_HTTP_Temperature' changed from 22.49441911743852 to 22.251912523354566 (source: org.openhab.core.io.rest)
2026-02-28 09:45:30.794 [INFO ] [openhab.event.ItemStateChangedEvent ] - Item 'UDM_HTTP_Humidity' changed from 43.10716696518849 to 44.40997508161507 (source: org.openhab.core.io.rest)
2026-02-28 09:45:30.796 [INFO ] [openhab.event.ItemStateChangedEvent ] - Item 'UDM_Sensor_Temperature' changed from 22.3 to 22.2 (source: org.openhab.core.io.rest)
2026-02-28 09:45:30.801 [INFO ] [openhab.event.ItemStateChangedEvent ] - Item 'UDM_CoAP_Data' changed from {"temperature": 22.353832279282944, "humidity": 42.470281086419426} to {"temperature": 22.33527846627685, "humidity": 43.04925530065121} (source: org.openhab.core.io.rest)
2026-02-28 09:45:35.810 [INFO ] [openhab.event.ItemStateChangedEvent ] - Item 'UDM_Sensor_Temperature' changed from 22.2 to 22.3 (source: org.openhab.core.io.rest)
2026-02-28 09:45:35.811 [INFO ] [openhab.event.ItemStateChangedEvent ] - Item 'UDM_Sensor_Humidity' changed from 43 to 45 (source: org.openhab.core.io.rest)
2026-02-28 09:45:35.815 [INFO ] [openhab.event.ItemStateChangedEvent ] - Item 'UDM_CoAP_Data' changed from {"temperature": 22.33527846627685, "humidity": 43.04925530065121} to {"temperature": 22.212716531700636, "humidity": 43.85128814428528} (source: org.openhab.core.io.rest)
2026-02-28 09:45:40.830 [INFO ] [openhab.event.ItemStateChangedEvent ] - Item 'UDM_HTTP_Temperature' changed from 22.251912523354566 to 22.08830860106349 (source: org.openhab.core.io.rest)
2026-02-28 09:45:40.832 [INFO ] [openhab.event.ItemStateChangedEvent ] - Item 'UDM_HTTP_Humidity' changed from 44.40997508161507 to 43.24863253258492 (source: org.openhab.core.io.rest)
2026-02-28 09:45:40.835 [INFO ] [openhab.event.ItemStateChangedEvent ] - Item 'UDM_Sensor_Temperature' changed from 22.3 to 22.1 (source: org.openhab.core.io.rest)
2026-02-28 09:45:40.837 [INFO ] [openhab.event.ItemStateChangedEvent ] - Item 'UDM_Sensor_Humidity' changed from 45 to 42 (source: org.openhab.core.io.rest)
2026-02-28 09:45:40.842 [INFO ] [openhab.event.ItemStateChangedEvent ] - Item 'UDM_CoAP_Data' changed from {"temperature": 22.212716531700636, "humidity": 43.85128814428528} to {"temperature": 22.346797344226605, "humidity": 45.02328918901673} (source: org.openhab.core.io.rest)
2026-02-28 09:45:45.850 [INFO ] [openhab.event.ItemStateChangedEvent ] - Item 'UDM_Sensor_Temperature' changed from 22.1 to 22.0 (source: org.openhab.core.io.rest)
2026-02-28 09:45:45.853 [INFO ] [openhab.event.ItemStateChangedEvent ] - Item 'UDM_Sensor_Humidity' changed from 42 to 43 (source: org.openhab.core.io.rest)
2026-02-28 09:45:45.855 [INFO ] [openhab.event.ItemStateChangedEvent ] - Item 'UDM_CoAP_Data' changed from {"temperature": 22.346797344226605, "humidity": 45.02328918901673} to {"temperature": 22.08332308949574, "humidity": 42.739585098741145} (source: org.openhab.core.io.rest)
2026-02-28 09:45:50.859 [INFO ] [openhab.event.ItemStateChangedEvent ] - Item 'UDM_HTTP_Temperature' changed from 22.08830860106349 to 21.920440202827468 (source: org.openhab.core.io.rest)
2026-02-28 09:45:50.860 [INFO ] [openhab.event.ItemStateChangedEvent ] - Item 'UDM_HTTP_Humidity' changed from 43.24863253258492 to 44.17268625082873 (source: org.openhab.core.io.rest)
2026-02-28 09:45:50.863 [INFO ] [openhab.event.ItemStateChangedEvent ] - Item 'UDM_Sensor_Temperature' changed from 22.0 to 21.9 (source: org.openhab.core.io.rest)
2026-02-28 09:45:50.868 [INFO ] [openhab.event.ItemStateChangedEvent ] - Item 'UDM_CoAP_Data' changed from {"temperature": 22.08332308949574, "humidity": 42.739585098741145} to {"temperature": 22.017639806177765, "humidity": 43.52297291787264} (source: org.openhab.core.io.rest)
2026-02-28 09:45:55.877 [INFO ] [openhab.event.ItemStateChangedEvent ] - Item 'UDM_Sensor_Temperature' changed from 21.9 to 22.0 (source: org.openhab.core.io.rest)
2026-02-28 09:45:55.882 [INFO ] [openhab.event.ItemStateChangedEvent ] - Item 'UDM_CoAP_Data' changed from {"temperature": 22.017639806177765, "humidity": 43.52297291787264} to {"temperature": 21.85893183547807, "humidity": 43.48621118075899} (source: org.openhab.core.io.rest)
2026-02-28 09:46:00.888 [INFO ] [openhab.event.ItemStateChangedEvent ] - Item 'UDM_HTTP_Temperature' changed from 21.920440202827468 to 22.202876637604007 (source: org.openhab.core.io.rest)
2026-02-28 09:46:00.889 [INFO ] [openhab.event.ItemStateChangedEvent ] - Item 'UDM_HTTP_Humidity' changed from 44.17268625082873 to 43.36144607017609 (source: org.openhab.core.io.rest)
2026-02-28 09:46:00.892 [INFO ] [openhab.event.ItemStateChangedEvent ] - Item 'UDM_Sensor_Temperature' changed from 22.0 to 22.2 (source: org.openhab.core.io.rest)
2026-02-28 09:46:00.897 [INFO ] [openhab.event.ItemStateChangedEvent ] - Item 'UDM_CoAP_Data' changed from {"temperature": 21.85893183547807, "humidity": 43.48621118075899} to {"temperature": 22.042341109295336, "humidity": 43.93741785075368} (source: org.openhab.core.io.rest)
2026-02-28 09:46:05.907 [INFO ] [openhab.event.ItemStateChangedEvent ] - Item 'UDM_Sensor_Temperature' changed from 22.2 to 22.3 (source: org.openhab.core.io.rest)
2026-02-28 09:46:05.908 [INFO ] [openhab.event.ItemStateChangedEvent ] - Item 'UDM_Sensor_Humidity' changed from 43 to 44 (source: org.openhab.core.io.rest)
2026-02-28 09:46:05.911 [INFO ] [openhab.event.ItemStateChangedEvent ] - Item 'UDM_CoAP_Data' changed from {"temperature": 22.042341109295336, "humidity": 43.93741785075368} to {"temperature": 22.231009272470775, "humidity": 43.01594079638649} (source: org.openhab.core.io.rest)
2026-02-28 09:46:10.917 [INFO ] [openhab.event.ItemStateChangedEvent ] - Item 'UDM_HTTP_Temperature' changed from 22.202876637604007 to 22.143072894575077 (source: org.openhab.core.io.rest)
2026-02-28 09:46:10.918 [INFO ] [openhab.event.ItemStateChangedEvent ] - Item 'UDM_HTTP_Humidity' changed from 43.36144607017609 to 43.20123791325017 (source: org.openhab.core.io.rest)
2026-02-28 09:46:10.921 [INFO ] [openhab.event.ItemStateChangedEvent ] - Item 'UDM_Sensor_Temperature' changed from 22.3 to 22.0 (source: org.openhab.core.io.rest)
2026-02-28 09:46:10.922 [INFO ] [openhab.event.ItemStateChangedEvent ] - Item 'UDM_Sensor_Humidity' changed from 44 to 42 (source: org.openhab.core.io.rest)
2026-02-28 09:46:10.926 [INFO ] [openhab.event.ItemStateChangedEvent ] - Item 'UDM_CoAP_Data' changed from {"temperature": 22.231009272470775, "humidity": 43.01594079638649} to {"temperature": 22.257117976375678, "humidity": 44.29675830895513} (source: org.openhab.core.io.rest)
2026-02-28 09:46:15.935 [INFO ] [openhab.event.ItemStateChangedEvent ] - Item 'UDM_Sensor_Temperature' changed from 22.0 to 22.3 (source: org.openhab.core.io.rest)
2026-02-28 09:46:15.941 [INFO ] [openhab.event.ItemStateChangedEvent ] - Item 'UDM_CoAP_Data' changed from {"temperature": 22.257117976375678, "humidity": 44.29675830895513} to {"temperature": 21.984274849009637, "humidity": 42.277720783410885} (source: org.openhab.core.io.rest)
2026-02-28 09:46:20.946 [INFO ] [openhab.event.ItemStateChangedEvent ] - Item 'UDM_HTTP_Temperature' changed from 22.143072894575077 to 21.847342137919924 (source: org.openhab.core.io.rest)
2026-02-28 09:46:20.946 [INFO ] [openhab.event.ItemStateChangedEvent ] - Item 'UDM_HTTP_Humidity' changed from 43.20123791325017 to 44.61445827686556 (source: org.openhab.core.io.rest)
2026-02-28 09:46:20.949 [INFO ] [openhab.event.ItemStateChangedEvent ] - Item 'UDM_Sensor_Temperature' changed from 22.3 to 21.7 (source: org.openhab.core.io.rest)
2026-02-28 09:46:20.950 [INFO ] [openhab.event.ItemStateChangedEvent ] - Item 'UDM_Sensor_Humidity' changed from 42 to 44 (source: org.openhab.core.io.rest)
2026-02-28 09:46:20.954 [INFO ] [openhab.event.ItemStateChangedEvent ] - Item 'UDM_CoAP_Data' changed from {"temperature": 21.984274849009637, "humidity": 42.277720783410885} to {"temperature": 22.323933312945226, "humidity": 42.921003328651416} (source: org.openhab.core.io.rest)
2026-02-28 09:46:25.964 [INFO ] [openhab.event.ItemStateChangedEvent ] - Item 'UDM_Sensor_Temperature' changed from 21.7 to 22.0 (source: org.openhab.core.io.rest)
2026-02-28 09:46:25.968 [INFO ] [openhab.event.ItemStateChangedEvent ] - Item 'UDM_CoAP_Data' changed from {"temperature": 22.323933312945226, "humidity": 42.921003328651416} to {"temperature": 21.686360374025234, "humidity": 44.523137101488366} (source: org.openhab.core.io.rest)
2026-02-28 09:46:30.974 [INFO ] [openhab.event.ItemStateChangedEvent ] - Item 'UDM_HTTP_Temperature' changed from 21.847342137919924 to 21.908451773988986 (source: org.openhab.core.io.rest)
2026-02-28 09:46:30.975 [INFO ] [openhab.event.ItemStateChangedEvent ] - Item 'UDM_HTTP_Humidity' changed from 44.61445827686556 to 45.73984001283164 (source: org.openhab.core.io.rest)
2026-02-28 09:46:30.978 [INFO ] [openhab.event.ItemStateChangedEvent ] - Item 'UDM_Sensor_Temperature' changed from 22.0 to 21.8 (source: org.openhab.core.io.rest)
2026-02-28 09:46:30.979 [INFO ] [openhab.event.ItemStateChangedEvent ] - Item 'UDM_Sensor_Humidity' changed from 44 to 46 (source: org.openhab.core.io.rest)
2026-02-28 09:46:30.982 [INFO ] [openhab.event.ItemStateChangedEvent ] - Item 'UDM_CoAP_Data' changed from {"temperature": 21.686360374025234, "humidity": 44.523137101488366} to {"temperature": 21.996441105261205, "humidity": 44.81055044975591} (source: org.openhab.core.io.rest)
2026-02-28 09:46:35.991 [INFO ] [openhab.event.ItemStateChangedEvent ] - Item 'UDM_Sensor_Temperature' changed from 21.8 to 21.9 (source: org.openhab.core.io.rest)
2026-02-28 09:46:35.992 [INFO ] [openhab.event.ItemStateChangedEvent ] - Item 'UDM_Sensor_Humidity' changed from 46 to 45 (source: org.openhab.core.io.rest)
2026-02-28 09:46:35.996 [INFO ] [openhab.event.ItemStateChangedEvent ] - Item 'UDM_CoAP_Data' changed from {"temperature": 21.996441105261205, "humidity": 44.81055044975591} to {"temperature": 21.75947290047978, "humidity": 46.593856212925054} (source: org.openhab.core.io.rest)
2026-02-28 09:46:41.003 [INFO ] [openhab.event.ItemStateChangedEvent ] - Item 'UDM_HTTP_Temperature' changed from 21.908451773988986 to 21.684601504342744 (source: org.openhab.core.io.rest)
2026-02-28 09:46:41.003 [INFO ] [openhab.event.ItemStateChangedEvent ] - Item 'UDM_HTTP_Humidity' changed from 45.73984001283164 to 44.48344495490151 (source: org.openhab.core.io.rest)
2026-02-28 09:46:41.006 [INFO ] [openhab.event.ItemStateChangedEvent ] - Item 'UDM_Sensor_Temperature' changed from 21.9 to 21.6 (source: org.openhab.core.io.rest)
2026-02-28 09:46:41.007 [INFO ] [openhab.event.ItemStateChangedEvent ] - Item 'UDM_Sensor_Humidity' changed from 45 to 43 (source: org.openhab.core.io.rest)
2026-02-28 09:46:41.011 [INFO ] [openhab.event.ItemStateChangedEvent ] - Item 'UDM_CoAP_Data' changed from {"temperature": 21.75947290047978, "humidity": 46.593856212925054} to {"temperature": 21.921703099853907, "humidity": 45.3869034198158} (source: org.openhab.core.io.rest)
2026-02-28 09:46:46.020 [INFO ] [openhab.event.ItemStateChangedEvent ] - Item 'UDM_Sensor_Temperature' changed from 21.6 to 21.5 (source: org.openhab.core.io.rest)
2026-02-28 09:46:46.024 [INFO ] [openhab.event.ItemStateChangedEvent ] - Item 'UDM_CoAP_Data' changed from {"temperature": 21.921703099853907, "humidity": 45.3869034198158} to {"temperature": 21.58040815377985, "humidity": 43.49597698105257} (source: org.openhab.core.io.rest)
2026-02-28 09:46:51.029 [INFO ] [openhab.event.ItemStateChangedEvent ] - Item 'UDM_HTTP_Temperature' changed from 21.684601504342744 to 21.607245513206788 (source: org.openhab.core.io.rest)
2026-02-28 09:46:51.030 [INFO ] [openhab.event.ItemStateChangedEvent ] - Item 'UDM_HTTP_Humidity' changed from 44.48344495490151 to 43.846371229551124 (source: org.openhab.core.io.rest)
2026-02-28 09:46:51.032 [INFO ] [openhab.event.ItemStateChangedEvent ] - Item 'UDM_Sensor_Temperature' changed from 21.5 to 21.7 (source: org.openhab.core.io.rest)
2026-02-28 09:46:51.033 [INFO ] [openhab.event.ItemStateChangedEvent ] - Item 'UDM_Sensor_Humidity' changed from 43 to 44 (source: org.openhab.core.io.rest)
2026-02-28 09:46:51.036 [INFO ] [openhab.event.ItemStateChangedEvent ] - Item 'UDM_CoAP_Data' changed from {"temperature": 21.58040815377985, "humidity": 43.49597698105257} to {"temperature": 21.516520101483543, "humidity": 43.899483530686744} (source: org.openhab.core.io.rest)
2026-02-28 09:46:51.083 [INFO ] [openhab.event.ItemCommandEvent      ] - Item 'UDM_Switch_CoAP' received command OFF (source: org.openhab.ui.basic$udm:0000=>org.openhab.core.io.rest)
2026-02-28 09:46:51.084 [INFO ] [openhab.event.ItemStateChangedEvent ] - Item 'UDM_Switch_CoAP' changed from ON to OFF (source: org.openhab.core.autoupdate)
2026-02-28 09:46:52.273 [INFO ] [openhab.event.ItemCommandEvent      ] - Item 'UDM_Switch_CoAP' received command ON (source: org.openhab.ui.basic$udm:0000=>org.openhab.core.io.rest)
2026-02-28 09:46:52.274 [INFO ] [openhab.event.ItemStateChangedEvent ] - Item 'UDM_Switch_CoAP' changed from OFF to ON (source: org.openhab.core.autoupdate)
2026-02-28 09:46:52.747 [INFO ] [openhab.event.ItemCommandEvent      ] - Item 'UDM_HTTP_Switch' received command OFF (source: org.openhab.ui.basic$udm:0000=>org.openhab.core.io.rest)
2026-02-28 09:46:52.748 [INFO ] [openhab.event.ItemStateChangedEvent ] - Item 'UDM_HTTP_Switch' changed from ON to OFF (source: org.openhab.core.autoupdate)
2026-02-28 09:46:53.128 [INFO ] [openhab.event.ItemCommandEvent      ] - Item 'UDM_HTTP_Switch' received command ON (source: org.openhab.ui.basic$udm:0000=>org.openhab.core.io.rest)
2026-02-28 09:46:53.129 [INFO ] [openhab.event.ItemStateChangedEvent ] - Item 'UDM_HTTP_Switch' changed from OFF to ON (source: org.openhab.core.autoupdate)
2026-02-28 09:46:56.046 [INFO ] [openhab.event.ItemStateChangedEvent ] - Item 'UDM_Sensor_Temperature' changed from 21.7 to 21.5 (source: org.openhab.core.io.rest)
2026-02-28 09:46:56.050 [INFO ] [openhab.event.ItemStateChangedEvent ] - Item 'UDM_CoAP_Data' changed from {"temperature": 21.516520101483543, "humidity": 43.899483530686744} to {"temperature": 21.703962745173218, "humidity": 44.5960995307293} (source: org.openhab.core.io.rest)
2026-02-28 09:47:01.056 [INFO ] [openhab.event.ItemStateChangedEvent ] - Item 'UDM_HTTP_Temperature' changed from 21.607245513206788 to 21.591947972799513 (source: org.openhab.core.io.rest)
2026-02-28 09:47:01.057 [INFO ] [openhab.event.ItemStateChangedEvent ] - Item 'UDM_HTTP_Humidity' changed from 43.846371229551124 to 43.46498060909415 (source: org.openhab.core.io.rest)
2026-02-28 09:47:01.059 [INFO ] [openhab.event.ItemStateChangedEvent ] - Item 'UDM_Sensor_Temperature' changed from 21.5 to 21.8 (source: org.openhab.core.io.rest)
2026-02-28 09:47:01.060 [INFO ] [openhab.event.ItemStateChangedEvent ] - Item 'UDM_Sensor_Humidity' changed from 44 to 43 (source: org.openhab.core.io.rest)
2026-02-28 09:47:01.063 [INFO ] [openhab.event.ItemStateChangedEvent ] - Item 'UDM_CoAP_Data' changed from {"temperature": 21.703962745173218, "humidity": 44.5960995307293} to {"temperature": 21.532597905763605, "humidity": 44.06950116371426} (source: org.openhab.core.io.rest)
