2026-02-28 09:37:49.067 [INFO ] [org.openhab.core.Activator          ] - Starting openHAB 5.1.3 (Release Build)
2026-02-28 09:37:49.266 [WARN ] [.transport.servlet.ServletController] - Can't find the request for http://udm-openhab:8080/rest/items/UDM_HTTP_Switch/state's Observer 
2026-02-28 09:37:49.276 [WARN ] [.transport.servlet.ServletController] - Can't find the request for http://udm-openhab:8080/rest/items/UDM_HTTP_Temperature/state's Observer 
2026-02-28 09:37:49.279 [WARN ] [.transport.servlet.ServletController] - Can't find the request for http://udm-openhab:8080/rest/items/UDM_HTTP_Humidity/state's Observer 
2026-02-28 09:37:49.281 [WARN ] [.transport.servlet.ServletController] - Can't find the request for http://udm-openhab:8080/rest/items/UDM_HTTP_Switch/state's Observer 
2026-02-28 09:37:49.282 [WARN ] [.transport.servlet.ServletController] - Can't find the request for http://udm-openhab:8080/rest/items/UDM_Sensor_Temperature/state's Observer 
2026-02-28 09:37:49.284 [WARN ] [.transport.servlet.ServletController] - Can't find the request for http://udm-openhab:8080/rest/items/UDM_Sensor_Humidity/state's Observer 
2026-02-28 09:37:49.285 [WARN ] [.transport.servlet.ServletController] - Can't find the request for http://udm-openhab:8080/rest/items/UDM_Switch_CoAP/state's Observer 
2026-02-28 09:37:49.286 [WARN ] [.transport.servlet.ServletController] - Can't find the request for http://udm-openhab:8080/rest/items/UDM_Discovery_CoAP/state's Observer 
2026-02-28 09:37:49.288 [WARN ] [.transport.servlet.ServletController] - Can't find the request for http://udm-openhab:8080/rest/items/UDM_CoAP_Data/state's Observer 
2026-02-28 09:37:53.632 [INFO ] [el.core.internal.ModelRepositoryImpl] - Loading DSL model 'template_items.items'
2026-02-28 09:37:53.806 [INFO ] [el.core.internal.ModelRepositoryImpl] - Loading DSL model 'udm_items.items'
2026-02-28 09:37:54.052 [INFO ] [el.core.internal.ModelRepositoryImpl] - Loading DSL model 'udm.sitemap'
2026-02-28 09:37:54.132 [INFO ] [el.core.internal.ModelRepositoryImpl] - Loading DSL model 'mqtt.things'
2026-02-28 09:37:54.147 [INFO ] [el.core.internal.ModelRepositoryImpl] - Validation issues found in DSL model 'mqtt.things', using it anyway:
Provide a thing type ID and a thing ID in this format:
 <thingTypeId> <thingId>
Provide a thing type ID and a thing ID in this format:
 <thingTypeId> <thingId>
Provide a thing type ID and a thing ID in this format:
 <thingTypeId> <thingId>
Provide a thing type ID and a thing ID in this format:
 <thingTypeId> <thingId>
2026-02-28 09:37:54.150 [INFO ] [el.core.internal.ModelRepositoryImpl] - Loading DSL model 'http.things'
2026-02-28 09:37:56.330 [INFO ] [.core.model.lsp.internal.ModelServer] - Started Language Server Protocol (LSP) service on port 5007
2026-02-28 09:37:56.395 [INFO ] [el.core.internal.ModelRepositoryImpl] - Loading DSL model 'udm_fallback.rules'
2026-02-28 09:37:56.520 [WARN ] [el.core.internal.ModelRepositoryImpl] - DSL model 'udm_fallback.rules' has errors, therefore ignoring it: [6,49]: missing 'then' at 'null'
[6,54]: no viable alternative at input 'or'
[7,10]: no viable alternative at input 'UDM_Sensor_Temperature'
[7,49]: no viable alternative at input 'UNDEF'
2026-02-28 09:37:56.521 [INFO ] [el.core.internal.ModelRepositoryImpl] - Unloading DSL model 'udm_fallback.rules'
2026-02-28 09:37:56.523 [INFO ] [el.core.internal.ModelRepositoryImpl] - Loading DSL model 'udm_discovery.rules'
2026-02-28 09:37:56.747 [INFO ] [el.core.internal.ModelRepositoryImpl] - Loading DSL model 'udm_template.rules'
2026-02-28 09:37:56.892 [WARN ] [el.core.internal.ModelRepositoryImpl] - DSL model 'http.things' is either empty or cannot be parsed correctly!
2026-02-28 09:37:57.818 [WARN ] [ty.util.ssl.SslContextFactory.config] - Trusting all certificates configured for Client@5713cfcc[provider=null,keyStore=null,trustStore=null]
2026-02-28 09:37:57.819 [WARN ] [ty.util.ssl.SslContextFactory.config] - No Client EndPointIdentificationAlgorithm configured for Client@5713cfcc[provider=null,keyStore=null,trustStore=null]
2026-02-28 09:37:58.700 [INFO ] [.transport.mqtt.MqttBrokerConnection] - Starting MQTT broker connection to 'mosquitto' with clientid openhab-udm
2026-02-28 09:37:58.797 [WARN ] [nelTransformation$TransformationStep] - Failed to use TransformationStep{serviceName='REGEX', function='([0-9.]+).*'}, service not found
2026-02-28 09:38:00.314 [WARN ] [el.core.internal.ModelRepositoryImpl] - DSL model 'udm_template.rules' is either empty or cannot be parsed correctly!
2026-02-28 09:38:00.737 [WARN ] [nelTransformation$TransformationStep] - Failed to use TransformationStep{serviceName='REGEX', function='([0-9.]+).*'}, service not found
2026-02-28 09:38:05.306 [INFO ] [nhab.core.model.script.udm.discovery] - UDM discovery scan - system started
2026-02-28 09:38:05.307 [INFO ] [e.automation.internal.RuleEngineImpl] - Rule engine started.
2026-02-28 09:38:09.445 [INFO ] [nhab.core.model.script.udm.discovery] - Device discovered via CoAP: {"id":"sensor1","profile":"sensor"}
2026-02-28 09:38:10.737 [WARN ] [nelTransformation$TransformationStep] - Failed to use TransformationStep{serviceName='REGEX', function='([0-9.]+).*'}, service not found
2026-02-28 09:38:14.463 [INFO ] [nhab.core.model.script.udm.discovery] - Device discovered via CoAP: {"id":"sensor1","profile":"sensor"}
2026-02-28 09:38:19.481 [INFO ] [nhab.core.model.script.udm.discovery] - Device discovered via CoAP: {"id":"sensor1","profile":"sensor"}
2026-02-28 09:38:20.736 [WARN ] [nelTransformation$TransformationStep] - Failed to use TransformationStep{serviceName='REGEX', function='([0-9.]+).*'}, service not found
2026-02-28 09:38:24.498 [INFO ] [nhab.core.model.script.udm.discovery] - Device discovered via CoAP: {"id":"sensor1","profile":"sensor"}
2026-02-28 09:38:29.516 [INFO ] [nhab.core.model.script.udm.discovery] - Device discovered via CoAP: {"id":"sensor1","profile":"sensor"}
2026-02-28 09:38:30.736 [WARN ] [nelTransformation$TransformationStep] - Failed to use TransformationStep{serviceName='REGEX', function='([0-9.]+).*'}, service not found
2026-02-28 09:38:34.534 [INFO ] [nhab.core.model.script.udm.discovery] - Device discovered via CoAP: {"id":"sensor1","profile":"sensor"}
2026-02-28 09:38:39.553 [INFO ] [nhab.core.model.script.udm.discovery] - Device discovered via CoAP: {"id":"sensor1","profile":"sensor"}
2026-02-28 09:38:40.736 [WARN ] [nelTransformation$TransformationStep] - Failed to use TransformationStep{serviceName='REGEX', function='([0-9.]+).*'}, service not found
2026-02-28 09:38:44.570 [INFO ] [nhab.core.model.script.udm.discovery] - Device discovered via CoAP: {"id":"sensor1","profile":"sensor"}
2026-02-28 09:38:49.587 [INFO ] [nhab.core.model.script.udm.discovery] - Device discovered via CoAP: {"id":"sensor1","profile":"sensor"}
2026-02-28 09:38:50.735 [WARN ] [nelTransformation$TransformationStep] - Failed to use TransformationStep{serviceName='REGEX', function='([0-9.]+).*'}, service not found
2026-02-28 09:38:54.601 [INFO ] [nhab.core.model.script.udm.discovery] - Device discovered via CoAP: {"id":"sensor1","profile":"sensor"}
2026-02-28 09:38:59.619 [INFO ] [nhab.core.model.script.udm.discovery] - Device discovered via CoAP: {"id":"sensor1","profile":"sensor"}
2026-02-28 09:39:00.735 [WARN ] [nelTransformation$TransformationStep] - Failed to use TransformationStep{serviceName='REGEX', function='([0-9.]+).*'}, service not found
2026-02-28 09:39:04.637 [INFO ] [nhab.core.model.script.udm.discovery] - Device discovered via CoAP: {"id":"sensor1","profile":"sensor"}
2026-02-28 09:39:09.653 [INFO ] [nhab.core.model.script.udm.discovery] - Device discovered via CoAP: {"id":"sensor1","profile":"sensor"}
2026-02-28 09:39:10.736 [WARN ] [nelTransformation$TransformationStep] - Failed to use TransformationStep{serviceName='REGEX', function='([0-9.]+).*'}, service not found
2026-02-28 09:39:14.669 [INFO ] [nhab.core.model.script.udm.discovery] - Device discovered via CoAP: {"id":"sensor1","profile":"sensor"}
2026-02-28 09:39:19.685 [INFO ] [nhab.core.model.script.udm.discovery] - Device discovered via CoAP: {"id":"sensor1","profile":"sensor"}
2026-02-28 09:39:20.734 [WARN ] [nelTransformation$TransformationStep] - Failed to use TransformationStep{serviceName='REGEX', function='([0-9.]+).*'}, service not found
2026-02-28 09:39:24.698 [INFO ] [nhab.core.model.script.udm.discovery] - Device discovered via CoAP: {"id":"sensor1","profile":"sensor"}
2026-02-28 09:39:29.714 [INFO ] [nhab.core.model.script.udm.discovery] - Device discovered via CoAP: {"id":"sensor1","profile":"sensor"}
2026-02-28 09:39:30.735 [WARN ] [nelTransformation$TransformationStep] - Failed to use TransformationStep{serviceName='REGEX', function='([0-9.]+).*'}, service not found
2026-02-28 09:39:34.732 [INFO ] [nhab.core.model.script.udm.discovery] - Device discovered via CoAP: {"id":"sensor1","profile":"sensor"}
2026-02-28 09:39:39.751 [INFO ] [nhab.core.model.script.udm.discovery] - Device discovered via CoAP: {"id":"sensor1","profile":"sensor"}
2026-02-28 09:39:40.735 [WARN ] [nelTransformation$TransformationStep] - Failed to use TransformationStep{serviceName='REGEX', function='([0-9.]+).*'}, service not found
2026-02-28 09:39:44.767 [INFO ] [nhab.core.model.script.udm.discovery] - Device discovered via CoAP: {"id":"sensor1","profile":"sensor"}
2026-02-28 09:39:49.783 [INFO ] [nhab.core.model.script.udm.discovery] - Device discovered via CoAP: {"id":"sensor1","profile":"sensor"}
2026-02-28 09:39:50.734 [WARN ] [nelTransformation$TransformationStep] - Failed to use TransformationStep{serviceName='REGEX', function='([0-9.]+).*'}, service not found
2026-02-28 09:39:54.797 [INFO ] [nhab.core.model.script.udm.discovery] - Device discovered via CoAP: {"id":"sensor1","profile":"sensor"}
2026-02-28 09:39:59.823 [INFO ] [nhab.core.model.script.udm.discovery] - Device discovered via CoAP: {"id":"sensor1","profile":"sensor"}
2026-02-28 09:40:00.307 [INFO ] [nhab.core.model.script.udm.discovery] - UDM periodic discovery scan
2026-02-28 09:40:00.734 [WARN ] [nelTransformation$TransformationStep] - Failed to use TransformationStep{serviceName='REGEX', function='([0-9.]+).*'}, service not found
2026-02-28 09:40:04.840 [INFO ] [nhab.core.model.script.udm.discovery] - Device discovered via CoAP: {"id":"sensor1","profile":"sensor"}
2026-02-28 09:40:09.858 [INFO ] [nhab.core.model.script.udm.discovery] - Device discovered via CoAP: {"id":"sensor1","profile":"sensor"}
2026-02-28 09:40:10.735 [WARN ] [nelTransformation$TransformationStep] - Failed to use TransformationStep{serviceName='REGEX', function='([0-9.]+).*'}, service not found
2026-02-28 09:40:14.873 [INFO ] [nhab.core.model.script.udm.discovery] - Device discovered via CoAP: {"id":"sensor1","profile":"sensor"}
2026-02-28 09:40:19.890 [INFO ] [nhab.core.model.script.udm.discovery] - Device discovered via CoAP: {"id":"sensor1","profile":"sensor"}
2026-02-28 09:40:20.734 [WARN ] [nelTransformation$TransformationStep] - Failed to use TransformationStep{serviceName='REGEX', function='([0-9.]+).*'}, service not found
2026-02-28 09:40:24.909 [INFO ] [nhab.core.model.script.udm.discovery] - Device discovered via CoAP: {"id":"sensor1","profile":"sensor"}
2026-02-28 09:40:29.926 [INFO ] [nhab.core.model.script.udm.discovery] - Device discovered via CoAP: {"id":"sensor1","profile":"sensor"}
2026-02-28 09:40:30.734 [WARN ] [nelTransformation$TransformationStep] - Failed to use TransformationStep{serviceName='REGEX', function='([0-9.]+).*'}, service not found
2026-02-28 09:40:34.940 [INFO ] [nhab.core.model.script.udm.discovery] - Device discovered via CoAP: {"id":"sensor1","profile":"sensor"}
2026-02-28 09:40:39.956 [INFO ] [nhab.core.model.script.udm.discovery] - Device discovered via CoAP: {"id":"sensor1","profile":"sensor"}
2026-02-28 09:40:40.734 [WARN ] [nelTransformation$TransformationStep] - Failed to use TransformationStep{serviceName='REGEX', function='([0-9.]+).*'}, service not found
2026-02-28 09:40:44.971 [INFO ] [nhab.core.model.script.udm.discovery] - Device discovered via CoAP: {"id":"sensor1","profile":"sensor"}
2026-02-28 09:40:49.988 [INFO ] [nhab.core.model.script.udm.discovery] - Device discovered via CoAP: {"id":"sensor1","profile":"sensor"}
2026-02-28 09:40:50.733 [WARN ] [nelTransformation$TransformationStep] - Failed to use TransformationStep{serviceName='REGEX', function='([0-9.]+).*'}, service not found
2026-02-28 09:40:55.002 [INFO ] [nhab.core.model.script.udm.discovery] - Device discovered via CoAP: {"id":"sensor1","profile":"sensor"}
2026-02-28 09:41:00.020 [INFO ] [nhab.core.model.script.udm.discovery] - Device discovered via CoAP: {"id":"sensor1","profile":"sensor"}
2026-02-28 09:41:00.733 [WARN ] [nelTransformation$TransformationStep] - Failed to use TransformationStep{serviceName='REGEX', function='([0-9.]+).*'}, service not found
2026-02-28 09:41:05.036 [INFO ] [nhab.core.model.script.udm.discovery] - Device discovered via CoAP: {"id":"sensor1","profile":"sensor"}
2026-02-28 09:41:10.052 [INFO ] [nhab.core.model.script.udm.discovery] - Device discovered via CoAP: {"id":"sensor1","profile":"sensor"}
2026-02-28 09:41:10.734 [WARN ] [nelTransformation$TransformationStep] - Failed to use TransformationStep{serviceName='REGEX', function='([0-9.]+).*'}, service not found
2026-02-28 09:41:15.067 [INFO ] [nhab.core.model.script.udm.discovery] - Device discovered via CoAP: {"id":"sensor1","profile":"sensor"}
2026-02-28 09:41:20.084 [INFO ] [nhab.core.model.script.udm.discovery] - Device discovered via CoAP: {"id":"sensor1","profile":"sensor"}
2026-02-28 09:41:20.732 [WARN ] [nelTransformation$TransformationStep] - Failed to use TransformationStep{serviceName='REGEX', function='([0-9.]+).*'}, service not found
2026-02-28 09:41:25.096 [INFO ] [nhab.core.model.script.udm.discovery] - Device discovered via CoAP: {"id":"sensor1","profile":"sensor"}
2026-02-28 09:41:30.112 [INFO ] [nhab.core.model.script.udm.discovery] - Device discovered via CoAP: {"id":"sensor1","profile":"sensor"}
2026-02-28 09:41:30.733 [WARN ] [nelTransformation$TransformationStep] - Failed to use TransformationStep{serviceName='REGEX', function='([0-9.]+).*'}, service not found
2026-02-28 09:41:35.126 [INFO ] [nhab.core.model.script.udm.discovery] - Device discovered via CoAP: {"id":"sensor1","profile":"sensor"}
2026-02-28 09:41:40.142 [INFO ] [nhab.core.model.script.udm.discovery] - Device discovered via CoAP: {"id":"sensor1","profile":"sensor"}
2026-02-28 09:41:40.733 [WARN ] [nelTransformation$TransformationStep] - Failed to use TransformationStep{serviceName='REGEX', function='([0-9.]+).*'}, service not found
2026-02-28 09:41:45.156 [INFO ] [nhab.core.model.script.udm.discovery] - Device discovered via CoAP: {"id":"sensor1","profile":"sensor"}
2026-02-28 09:41:50.170 [INFO ] [nhab.core.model.script.udm.discovery] - Device discovered via CoAP: {"id":"sensor1","profile":"sensor"}
2026-02-28 09:41:50.732 [WARN ] [nelTransformation$TransformationStep] - Failed to use TransformationStep{serviceName='REGEX', function='([0-9.]+).*'}, service not found
2026-02-28 09:41:55.183 [INFO ] [nhab.core.model.script.udm.discovery] - Device discovered via CoAP: {"id":"sensor1","profile":"sensor"}
2026-02-28 09:42:00.198 [INFO ] [nhab.core.model.script.udm.discovery] - Device discovered via CoAP: {"id":"sensor1","profile":"sensor"}
2026-02-28 09:42:00.732 [WARN ] [nelTransformation$TransformationStep] - Failed to use TransformationStep{serviceName='REGEX', function='([0-9.]+).*'}, service not found
2026-02-28 09:42:05.212 [INFO ] [nhab.core.model.script.udm.discovery] - Device discovered via CoAP: {"id":"sensor1","profile":"sensor"}
2026-02-28 09:42:10.227 [INFO ] [nhab.core.model.script.udm.discovery] - Device discovered via CoAP: {"id":"sensor1","profile":"sensor"}
2026-02-28 09:42:10.733 [WARN ] [nelTransformation$TransformationStep] - Failed to use TransformationStep{serviceName='REGEX', function='([0-9.]+).*'}, service not found
2026-02-28 09:42:15.241 [INFO ] [nhab.core.model.script.udm.discovery] - Device discovered via CoAP: {"id":"sensor1","profile":"sensor"}
2026-02-28 09:42:20.258 [INFO ] [nhab.core.model.script.udm.discovery] - Device discovered via CoAP: {"id":"sensor1","profile":"sensor"}
2026-02-28 09:42:20.731 [WARN ] [nelTransformation$TransformationStep] - Failed to use TransformationStep{serviceName='REGEX', function='([0-9.]+).*'}, service not found
2026-02-28 09:42:25.270 [INFO ] [nhab.core.model.script.udm.discovery] - Device discovered via CoAP: {"id":"sensor1","profile":"sensor"}
2026-02-28 09:42:30.285 [INFO ] [nhab.core.model.script.udm.discovery] - Device discovered via CoAP: {"id":"sensor1","profile":"sensor"}
2026-02-28 09:42:30.732 [WARN ] [nelTransformation$TransformationStep] - Failed to use TransformationStep{serviceName='REGEX', function='([0-9.]+).*'}, service not found
2026-02-28 09:42:35.298 [INFO ] [nhab.core.model.script.udm.discovery] - Device discovered via CoAP: {"id":"sensor1","profile":"sensor"}
2026-02-28 09:42:40.313 [INFO ] [nhab.core.model.script.udm.discovery] - Device discovered via CoAP: {"id":"sensor1","profile":"sensor"}
2026-02-28 09:42:40.733 [WARN ] [nelTransformation$TransformationStep] - Failed to use TransformationStep{serviceName='REGEX', function='([0-9.]+).*'}, service not found
2026-02-28 09:42:45.333 [INFO ] [nhab.core.model.script.udm.discovery] - Device discovered via CoAP: {"id":"sensor1","profile":"sensor"}
2026-02-28 09:42:50.349 [INFO ] [nhab.core.model.script.udm.discovery] - Device discovered via CoAP: {"id":"sensor1","profile":"sensor"}
2026-02-28 09:42:50.731 [WARN ] [nelTransformation$TransformationStep] - Failed to use TransformationStep{serviceName='REGEX', function='([0-9.]+).*'}, service not found
2026-02-28 09:42:55.360 [INFO ] [nhab.core.model.script.udm.discovery] - Device discovered via CoAP: {"id":"sensor1","profile":"sensor"}
2026-02-28 09:43:00.376 [INFO ] [nhab.core.model.script.udm.discovery] - Device discovered via CoAP: {"id":"sensor1","profile":"sensor"}
2026-02-28 09:43:00.731 [WARN ] [nelTransformation$TransformationStep] - Failed to use TransformationStep{serviceName='REGEX', function='([0-9.]+).*'}, service not found
2026-02-28 09:43:05.390 [INFO ] [nhab.core.model.script.udm.discovery] - Device discovered via CoAP: {"id":"sensor1","profile":"sensor"}
2026-02-28 09:43:10.406 [INFO ] [nhab.core.model.script.udm.discovery] - Device discovered via CoAP: {"id":"sensor1","profile":"sensor"}
2026-02-28 09:43:10.732 [WARN ] [nelTransformation$TransformationStep] - Failed to use TransformationStep{serviceName='REGEX', function='([0-9.]+).*'}, service not found
2026-02-28 09:43:15.420 [INFO ] [nhab.core.model.script.udm.discovery] - Device discovered via CoAP: {"id":"sensor1","profile":"sensor"}
2026-02-28 09:43:20.433 [INFO ] [nhab.core.model.script.udm.discovery] - Device discovered via CoAP: {"id":"sensor1","profile":"sensor"}
2026-02-28 09:43:20.730 [WARN ] [nelTransformation$TransformationStep] - Failed to use TransformationStep{serviceName='REGEX', function='([0-9.]+).*'}, service not found
2026-02-28 09:43:25.447 [INFO ] [nhab.core.model.script.udm.discovery] - Device discovered via CoAP: {"id":"sensor1","profile":"sensor"}
2026-02-28 09:43:30.462 [INFO ] [nhab.core.model.script.udm.discovery] - Device discovered via CoAP: {"id":"sensor1","profile":"sensor"}
2026-02-28 09:43:30.731 [WARN ] [nelTransformation$TransformationStep] - Failed to use TransformationStep{serviceName='REGEX', function='([0-9.]+).*'}, service not found
2026-02-28 09:43:35.476 [INFO ] [nhab.core.model.script.udm.discovery] - Device discovered via CoAP: {"id":"sensor1","profile":"sensor"}
2026-02-28 09:43:40.490 [INFO ] [nhab.core.model.script.udm.discovery] - Device discovered via CoAP: {"id":"sensor1","profile":"sensor"}
2026-02-28 09:43:40.731 [WARN ] [nelTransformation$TransformationStep] - Failed to use TransformationStep{serviceName='REGEX', function='([0-9.]+).*'}, service not found
2026-02-28 09:43:45.505 [INFO ] [nhab.core.model.script.udm.discovery] - Device discovered via CoAP: {"id":"sensor1","profile":"sensor"}
2026-02-28 09:43:50.518 [INFO ] [nhab.core.model.script.udm.discovery] - Device discovered via CoAP: {"id":"sensor1","profile":"sensor"}
2026-02-28 09:43:50.729 [WARN ] [nelTransformation$TransformationStep] - Failed to use TransformationStep{serviceName='REGEX', function='([0-9.]+).*'}, service not found
2026-02-28 09:43:55.534 [INFO ] [nhab.core.model.script.udm.discovery] - Device discovered via CoAP: {"id":"sensor1","profile":"sensor"}
2026-02-28 09:44:00.550 [INFO ] [nhab.core.model.script.udm.discovery] - Device discovered via CoAP: {"id":"sensor1","profile":"sensor"}
2026-02-28 09:44:00.730 [WARN ] [nelTransformation$TransformationStep] - Failed to use TransformationStep{serviceName='REGEX', function='([0-9.]+).*'}, service not found
2026-02-28 09:44:05.565 [INFO ] [nhab.core.model.script.udm.discovery] - Device discovered via CoAP: {"id":"sensor1","profile":"sensor"}
2026-02-28 09:44:10.579 [INFO ] [nhab.core.model.script.udm.discovery] - Device discovered via CoAP: {"id":"sensor1","profile":"sensor"}
2026-02-28 09:44:10.730 [WARN ] [nelTransformation$TransformationStep] - Failed to use TransformationStep{serviceName='REGEX', function='([0-9.]+).*'}, service not found
2026-02-28 09:44:15.592 [INFO ] [nhab.core.model.script.udm.discovery] - Device discovered via CoAP: {"id":"sensor1","profile":"sensor"}
2026-02-28 09:44:20.605 [INFO ] [nhab.core.model.script.udm.discovery] - Device discovered via CoAP: {"id":"sensor1","profile":"sensor"}
2026-02-28 09:44:20.729 [WARN ] [nelTransformation$TransformationStep] - Failed to use TransformationStep{serviceName='REGEX', function='([0-9.]+).*'}, service not found
2026-02-28 09:44:25.618 [INFO ] [nhab.core.model.script.udm.discovery] - Device discovered via CoAP: {"id":"sensor1","profile":"sensor"}
2026-02-28 09:44:30.631 [INFO ] [nhab.core.model.script.udm.discovery] - Device discovered via CoAP: {"id":"sensor1","profile":"sensor"}
2026-02-28 09:44:30.730 [WARN ] [nelTransformation$TransformationStep] - Failed to use TransformationStep{serviceName='REGEX', function='([0-9.]+).*'}, service not found
2026-02-28 09:44:35.644 [INFO ] [nhab.core.model.script.udm.discovery] - Device discovered via CoAP: {"id":"sensor1","profile":"sensor"}
2026-02-28 09:44:40.660 [INFO ] [nhab.core.model.script.udm.discovery] - Device discovered via CoAP: {"id":"sensor1","profile":"sensor"}
2026-02-28 09:44:40.730 [WARN ] [nelTransformation$TransformationStep] - Failed to use TransformationStep{serviceName='REGEX', function='([0-9.]+).*'}, service not found
2026-02-28 09:44:45.674 [INFO ] [nhab.core.model.script.udm.discovery] - Device discovered via CoAP: {"id":"sensor1","profile":"sensor"}
2026-02-28 09:44:50.685 [INFO ] [nhab.core.model.script.udm.discovery] - Device discovered via CoAP: {"id":"sensor1","profile":"sensor"}
2026-02-28 09:44:50.728 [WARN ] [nelTransformation$TransformationStep] - Failed to use TransformationStep{serviceName='REGEX', function='([0-9.]+).*'}, service not found
2026-02-28 09:44:55.698 [INFO ] [nhab.core.model.script.udm.discovery] - Device discovered via CoAP: {"id":"sensor1","profile":"sensor"}
2026-02-28 09:45:00.295 [INFO ] [nhab.core.model.script.udm.discovery] - UDM periodic discovery scan
2026-02-28 09:45:00.718 [INFO ] [nhab.core.model.script.udm.discovery] - Device discovered via CoAP: {"id":"sensor1","profile":"sensor"}
2026-02-28 09:45:00.729 [WARN ] [nelTransformation$TransformationStep] - Failed to use TransformationStep{serviceName='REGEX', function='([0-9.]+).*'}, service not found
2026-02-28 09:45:05.732 [INFO ] [nhab.core.model.script.udm.discovery] - Device discovered via CoAP: {"id":"sensor1","profile":"sensor"}
2026-02-28 09:45:10.729 [WARN ] [nelTransformation$TransformationStep] - Failed to use TransformationStep{serviceName='REGEX', function='([0-9.]+).*'}, service not found
2026-02-28 09:45:10.746 [INFO ] [nhab.core.model.script.udm.discovery] - Device discovered via CoAP: {"id":"sensor1","profile":"sensor"}
2026-02-28 09:45:15.759 [INFO ] [nhab.core.model.script.udm.discovery] - Device discovered via CoAP: {"id":"sensor1","profile":"sensor"}
2026-02-28 09:45:20.728 [WARN ] [nelTransformation$TransformationStep] - Failed to use TransformationStep{serviceName='REGEX', function='([0-9.]+).*'}, service not found
2026-02-28 09:45:20.773 [INFO ] [nhab.core.model.script.udm.discovery] - Device discovered via CoAP: {"id":"sensor1","profile":"sensor"}
2026-02-28 09:45:25.786 [INFO ] [nhab.core.model.script.udm.discovery] - Device discovered via CoAP: {"id":"sensor1","profile":"sensor"}
2026-02-28 09:45:30.729 [WARN ] [nelTransformation$TransformationStep] - Failed to use TransformationStep{serviceName='REGEX', function='([0-9.]+).*'}, service not found
2026-02-28 09:45:30.801 [INFO ] [nhab.core.model.script.udm.discovery] - Device discovered via CoAP: {"id":"sensor1","profile":"sensor"}
2026-02-28 09:45:35.815 [INFO ] [nhab.core.model.script.udm.discovery] - Device discovered via CoAP: {"id":"sensor1","profile":"sensor"}
2026-02-28 09:45:40.729 [WARN ] [nelTransformation$TransformationStep] - Failed to use TransformationStep{serviceName='REGEX', function='([0-9.]+).*'}, service not found
2026-02-28 09:45:40.841 [INFO ] [nhab.core.model.script.udm.discovery] - Device discovered via CoAP: {"id":"sensor1","profile":"sensor"}
2026-02-28 09:45:45.855 [INFO ] [nhab.core.model.script.udm.discovery] - Device discovered via CoAP: {"id":"sensor1","profile":"sensor"}
2026-02-28 09:45:50.727 [WARN ] [nelTransformation$TransformationStep] - Failed to use TransformationStep{serviceName='REGEX', function='([0-9.]+).*'}, service not found
2026-02-28 09:45:50.868 [INFO ] [nhab.core.model.script.udm.discovery] - Device discovered via CoAP: {"id":"sensor1","profile":"sensor"}
2026-02-28 09:45:55.881 [INFO ] [nhab.core.model.script.udm.discovery] - Device discovered via CoAP: {"id":"sensor1","profile":"sensor"}
2026-02-28 09:46:00.728 [WARN ] [nelTransformation$TransformationStep] - Failed to use TransformationStep{serviceName='REGEX', function='([0-9.]+).*'}, service not found
2026-02-28 09:46:00.897 [INFO ] [nhab.core.model.script.udm.discovery] - Device discovered via CoAP: {"id":"sensor1","profile":"sensor"}
2026-02-28 09:46:05.911 [INFO ] [nhab.core.model.script.udm.discovery] - Device discovered via CoAP: {"id":"sensor1","profile":"sensor"}
2026-02-28 09:46:10.728 [WARN ] [nelTransformation$TransformationStep] - Failed to use TransformationStep{serviceName='REGEX', function='([0-9.]+).*'}, service not found
2026-02-28 09:46:10.926 [INFO ] [nhab.core.model.script.udm.discovery] - Device discovered via CoAP: {"id":"sensor1","profile":"sensor"}
2026-02-28 09:46:15.941 [INFO ] [nhab.core.model.script.udm.discovery] - Device discovered via CoAP: {"id":"sensor1","profile":"sensor"}
2026-02-28 09:46:20.727 [WARN ] [nelTransformation$TransformationStep] - Failed to use TransformationStep{serviceName='REGEX', function='([0-9.]+).*'}, service not found
2026-02-28 09:46:20.954 [INFO ] [nhab.core.model.script.udm.discovery] - Device discovered via CoAP: {"id":"sensor1","profile":"sensor"}
2026-02-28 09:46:25.968 [INFO ] [nhab.core.model.script.udm.discovery] - Device discovered via CoAP: {"id":"sensor1","profile":"sensor"}
2026-02-28 09:46:30.728 [WARN ] [nelTransformation$TransformationStep] - Failed to use TransformationStep{serviceName='REGEX', function='([0-9.]+).*'}, service not found
2026-02-28 09:46:30.982 [INFO ] [nhab.core.model.script.udm.discovery] - Device discovered via CoAP: {"id":"sensor1","profile":"sensor"}
2026-02-28 09:46:35.996 [INFO ] [nhab.core.model.script.udm.discovery] - Device discovered via CoAP: {"id":"sensor1","profile":"sensor"}
2026-02-28 09:46:40.728 [WARN ] [nelTransformation$TransformationStep] - Failed to use TransformationStep{serviceName='REGEX', function='([0-9.]+).*'}, service not found
2026-02-28 09:46:41.010 [INFO ] [nhab.core.model.script.udm.discovery] - Device discovered via CoAP: {"id":"sensor1","profile":"sensor"}
2026-02-28 09:46:46.024 [INFO ] [nhab.core.model.script.udm.discovery] - Device discovered via CoAP: {"id":"sensor1","profile":"sensor"}
2026-02-28 09:46:50.726 [WARN ] [nelTransformation$TransformationStep] - Failed to use TransformationStep{serviceName='REGEX', function='([0-9.]+).*'}, service not found
2026-02-28 09:46:51.037 [INFO ] [nhab.core.model.script.udm.discovery] - Device discovered via CoAP: {"id":"sensor1","profile":"sensor"}
2026-02-28 09:46:56.050 [INFO ] [nhab.core.model.script.udm.discovery] - Device discovered via CoAP: {"id":"sensor1","profile":"sensor"}
